;  LST file generated by mikroListExporter - v.2.0 
; Date/Time: 11/6/2023 10:39:20 PM
;----------------------------------------------

;Address Opcode 	ASM
0x0000	0x2803      	GOTO       3
_main:
;Tamrin1.c,2 :: 		void main() {
;Tamrin1.c,3 :: 		trisB=0;
0x0003	0x1683      	BSF        STATUS, 5
0x0004	0x0186      	CLRF       TRISB
;Tamrin1.c,4 :: 		while (1) {
L_main0:
;Tamrin1.c,5 :: 		for (i=0;i<8;i++){
0x0005	0x018E      	CLRF       _i
0x0006	0x018F      	CLRF       _i+1
L_main2:
0x0007	0x3080      	MOVLW      128
0x0008	0x060F      	XORWF      _i+1, 0
0x0009	0x00C0      	MOVWF      R0
0x000A	0x3080      	MOVLW      128
0x000B	0x0240      	SUBWF      R0, 0
0x000C	0x1D03      	BTFSS      STATUS, 2
0x000D	0x2810      	GOTO       L__main11
0x000E	0x3008      	MOVLW      8
0x000F	0x020E      	SUBWF      _i, 0
L__main11:
0x0010	0x1803      	BTFSC      STATUS, 0
0x0011	0x2831      	GOTO       L_main3
;Tamrin1.c,6 :: 		portB=1<<i;
0x0012	0x080E      	MOVF       _i, 0
0x0013	0x00C1      	MOVWF      R1
0x0014	0x3001      	MOVLW      1
0x0015	0x00C0      	MOVWF      R0
0x0016	0x0841      	MOVF       R1, 0
L__main12:
0x0017	0x1903      	BTFSC      STATUS, 2
0x0018	0x281D      	GOTO       L__main13
0x0019	0x0DC0      	RLF        R0, 1
0x001A	0x1040      	BCF        R0, 0
0x001B	0x3EFF      	ADDLW      255
0x001C	0x2817      	GOTO       L__main12
L__main13:
0x001D	0x0840      	MOVF       R0, 0
0x001E	0x1283      	BCF        STATUS, 5
0x001F	0x0086      	MOVWF      PORTB
;Tamrin1.c,7 :: 		delay_ms(200);
0x0020	0x3002      	MOVLW      2
0x0021	0x00CB      	MOVWF      R11
0x0022	0x3004      	MOVLW      4
0x0023	0x00CC      	MOVWF      R12
0x0024	0x30BA      	MOVLW      186
0x0025	0x00CD      	MOVWF      R13
L_main5:
0x0026	0x0BCD      	DECFSZ     R13, 1
0x0027	0x2826      	GOTO       L_main5
0x0028	0x0BCC      	DECFSZ     R12, 1
0x0029	0x2826      	GOTO       L_main5
0x002A	0x0BCB      	DECFSZ     R11, 1
0x002B	0x2826      	GOTO       L_main5
0x002C	0x0000      	NOP
;Tamrin1.c,5 :: 		for (i=0;i<8;i++){
0x002D	0x0A8E      	INCF       _i, 1
0x002E	0x1903      	BTFSC      STATUS, 2
0x002F	0x0A8F      	INCF       _i+1, 1
;Tamrin1.c,8 :: 		}
0x0030	0x2807      	GOTO       L_main2
L_main3:
;Tamrin1.c,9 :: 		for (i=6;i>0;i--){
0x0031	0x3006      	MOVLW      6
0x0032	0x008E      	MOVWF      _i
0x0033	0x3000      	MOVLW      0
0x0034	0x008F      	MOVWF      _i+1
L_main6:
0x0035	0x3080      	MOVLW      128
0x0036	0x00C0      	MOVWF      R0
0x0037	0x3080      	MOVLW      128
0x0038	0x060F      	XORWF      _i+1, 0
0x0039	0x0240      	SUBWF      R0, 0
0x003A	0x1D03      	BTFSS      STATUS, 2
0x003B	0x283E      	GOTO       L__main14
0x003C	0x080E      	MOVF       _i, 0
0x003D	0x3C00      	SUBLW      0
L__main14:
0x003E	0x1803      	BTFSC      STATUS, 0
0x003F	0x2860      	GOTO       L_main7
;Tamrin1.c,10 :: 		portB=1<<i;
0x0040	0x080E      	MOVF       _i, 0
0x0041	0x00C1      	MOVWF      R1
0x0042	0x3001      	MOVLW      1
0x0043	0x00C0      	MOVWF      R0
0x0044	0x0841      	MOVF       R1, 0
L__main15:
0x0045	0x1903      	BTFSC      STATUS, 2
0x0046	0x284B      	GOTO       L__main16
0x0047	0x0DC0      	RLF        R0, 1
0x0048	0x1040      	BCF        R0, 0
0x0049	0x3EFF      	ADDLW      255
0x004A	0x2845      	GOTO       L__main15
L__main16:
0x004B	0x1283      	BCF        STATUS, 5
0x004C	0x0840      	MOVF       R0, 0
0x004D	0x0086      	MOVWF      PORTB
;Tamrin1.c,11 :: 		delay_ms(200);
0x004E	0x3002      	MOVLW      2
0x004F	0x00CB      	MOVWF      R11
0x0050	0x3004      	MOVLW      4
0x0051	0x00CC      	MOVWF      R12
0x0052	0x30BA      	MOVLW      186
0x0053	0x00CD      	MOVWF      R13
L_main9:
0x0054	0x0BCD      	DECFSZ     R13, 1
0x0055	0x2854      	GOTO       L_main9
0x0056	0x0BCC      	DECFSZ     R12, 1
0x0057	0x2854      	GOTO       L_main9
0x0058	0x0BCB      	DECFSZ     R11, 1
0x0059	0x2854      	GOTO       L_main9
0x005A	0x0000      	NOP
;Tamrin1.c,9 :: 		for (i=6;i>0;i--){
0x005B	0x3001      	MOVLW      1
0x005C	0x028E      	SUBWF      _i, 1
0x005D	0x1C03      	BTFSS      STATUS, 0
0x005E	0x038F      	DECF       _i+1, 1
;Tamrin1.c,12 :: 		}
0x005F	0x2835      	GOTO       L_main6
L_main7:
;Tamrin1.c,13 :: 		}
0x0060	0x2805      	GOTO       L_main0
;Tamrin1.c,14 :: 		}
L_end_main:
0x0061	0x2861      	GOTO       $+0
; end of _main
Symbol List:
//** Routines locations **
//ADDRESS    SIZE    PROCEDURE
//----------------------------------------------
0x0003      [95]    _main
//** Variables locations ** 
//ADDRESS    SIZE    VARIABLE
//----------------------------------------------
0x0000       [1]    INDF
0x0003       [1]    STATUS
0x0004       [1]    FSR
0x0006       [1]    PORTB
0x000A       [1]    PCLATH
0x000C       [2]    ___DoICPAddr
0x000E       [2]    _i
0x0040       [1]    R0
0x0041       [1]    R1
0x0042       [1]    R2
0x0043       [1]    R3
0x0044       [1]    R4
0x0045       [1]    R5
0x0046       [1]    R6
0x0047       [1]    R7
0x0048       [1]    R8
0x0049       [1]    R9
0x004A       [1]    R10
0x004B       [1]    R11
0x004C       [1]    R12
0x004D       [1]    R13
0x004E       [1]    R14
0x004F       [1]    R15
0x0086       [1]    TRISB
