;  LST file generated by mikroListExporter - v.2.0 
; Date/Time: 11/6/2023 11:47:33 PM
;----------------------------------------------

;Address Opcode 	ASM
0x0000	0x2803      	GOTO       3
_main:
;Tamrin2.c,2 :: 		void main() {
;Tamrin2.c,3 :: 		trisA = 0b11111111;
0x0003	0x30FF      	MOVLW      255
0x0004	0x1683      	BSF        STATUS, 5
0x0005	0x0085      	MOVWF      TRISA
;Tamrin2.c,4 :: 		trisB = 0b00000000;
0x0006	0x0186      	CLRF       TRISB
;Tamrin2.c,6 :: 		do {
L_main0:
;Tamrin2.c,7 :: 		if (portA.f0==0){
0x0007	0x1283      	BCF        STATUS, 5
0x0008	0x1805      	BTFSC      PORTA, 0
0x0009	0x2848      	GOTO       L_main3
;Tamrin2.c,8 :: 		for(i=0;i<5;i++){
0x000A	0x018E      	CLRF       _i
0x000B	0x018F      	CLRF       _i+1
L_main4:
0x000C	0x3080      	MOVLW      128
0x000D	0x060F      	XORWF      _i+1, 0
0x000E	0x00C0      	MOVWF      R0
0x000F	0x3080      	MOVLW      128
0x0010	0x0240      	SUBWF      R0, 0
0x0011	0x1D03      	BTFSS      STATUS, 2
0x0012	0x2815      	GOTO       L__main26
0x0013	0x3005      	MOVLW      5
0x0014	0x020E      	SUBWF      _i, 0
L__main26:
0x0015	0x1803      	BTFSC      STATUS, 0
0x0016	0x2847      	GOTO       L_main5
;Tamrin2.c,9 :: 		if (i==1||i==3||i==5){
0x0017	0x3000      	MOVLW      0
0x0018	0x060F      	XORWF      _i+1, 0
0x0019	0x1D03      	BTFSS      STATUS, 2
0x001A	0x281D      	GOTO       L__main27
0x001B	0x3001      	MOVLW      1
0x001C	0x060E      	XORWF      _i, 0
L__main27:
0x001D	0x1903      	BTFSC      STATUS, 2
0x001E	0x2830      	GOTO       L__main24
0x001F	0x3000      	MOVLW      0
0x0020	0x060F      	XORWF      _i+1, 0
0x0021	0x1D03      	BTFSS      STATUS, 2
0x0022	0x2825      	GOTO       L__main28
0x0023	0x3003      	MOVLW      3
0x0024	0x060E      	XORWF      _i, 0
L__main28:
0x0025	0x1903      	BTFSC      STATUS, 2
0x0026	0x2830      	GOTO       L__main24
0x0027	0x3000      	MOVLW      0
0x0028	0x060F      	XORWF      _i+1, 0
0x0029	0x1D03      	BTFSS      STATUS, 2
0x002A	0x282D      	GOTO       L__main29
0x002B	0x3005      	MOVLW      5
0x002C	0x060E      	XORWF      _i, 0
L__main29:
0x002D	0x1903      	BTFSC      STATUS, 2
0x002E	0x2830      	GOTO       L__main24
0x002F	0x2834      	GOTO       L_main9
L__main24:
0x0030	0x1283      	BCF        STATUS, 5
;Tamrin2.c,10 :: 		portB = 0b01010101;}
0x0031	0x3055      	MOVLW      85
0x0032	0x0086      	MOVWF      PORTB
0x0033	0x2837      	GOTO       L_main10
L_main9:
0x0034	0x1283      	BCF        STATUS, 5
;Tamrin2.c,11 :: 		else {portB = 0b10101010;}
0x0035	0x30AA      	MOVLW      170
0x0036	0x0086      	MOVWF      PORTB
L_main10:
;Tamrin2.c,12 :: 		delay_ms(300);
0x0037	0x3002      	MOVLW      2
0x0038	0x00CB      	MOVWF      R11
0x0039	0x3086      	MOVLW      134
0x003A	0x00CC      	MOVWF      R12
0x003B	0x3099      	MOVLW      153
0x003C	0x00CD      	MOVWF      R13
L_main11:
0x003D	0x0BCD      	DECFSZ     R13, 1
0x003E	0x283D      	GOTO       L_main11
0x003F	0x0BCC      	DECFSZ     R12, 1
0x0040	0x283D      	GOTO       L_main11
0x0041	0x0BCB      	DECFSZ     R11, 1
0x0042	0x283D      	GOTO       L_main11
;Tamrin2.c,8 :: 		for(i=0;i<5;i++){
0x0043	0x0A8E      	INCF       _i, 1
0x0044	0x1903      	BTFSC      STATUS, 2
0x0045	0x0A8F      	INCF       _i+1, 1
;Tamrin2.c,13 :: 		}
0x0046	0x280C      	GOTO       L_main4
L_main5:
;Tamrin2.c,14 :: 		}else if (portA.f1==0){
0x0047	0x288C      	GOTO       L_main12
L_main3:
0x0048	0x1283      	BCF        STATUS, 5
0x0049	0x1885      	BTFSC      PORTA, 1
0x004A	0x2889      	GOTO       L_main13
;Tamrin2.c,15 :: 		for(i=0;i<5;i++){
0x004B	0x018E      	CLRF       _i
0x004C	0x018F      	CLRF       _i+1
L_main14:
0x004D	0x3080      	MOVLW      128
0x004E	0x060F      	XORWF      _i+1, 0
0x004F	0x00C0      	MOVWF      R0
0x0050	0x3080      	MOVLW      128
0x0051	0x0240      	SUBWF      R0, 0
0x0052	0x1D03      	BTFSS      STATUS, 2
0x0053	0x2856      	GOTO       L__main30
0x0054	0x3005      	MOVLW      5
0x0055	0x020E      	SUBWF      _i, 0
L__main30:
0x0056	0x1803      	BTFSC      STATUS, 0
0x0057	0x2888      	GOTO       L_main15
;Tamrin2.c,16 :: 		if (i==1||i==3||i==5){
0x0058	0x3000      	MOVLW      0
0x0059	0x060F      	XORWF      _i+1, 0
0x005A	0x1D03      	BTFSS      STATUS, 2
0x005B	0x285E      	GOTO       L__main31
0x005C	0x3001      	MOVLW      1
0x005D	0x060E      	XORWF      _i, 0
L__main31:
0x005E	0x1903      	BTFSC      STATUS, 2
0x005F	0x2871      	GOTO       L__main23
0x0060	0x3000      	MOVLW      0
0x0061	0x060F      	XORWF      _i+1, 0
0x0062	0x1D03      	BTFSS      STATUS, 2
0x0063	0x2866      	GOTO       L__main32
0x0064	0x3003      	MOVLW      3
0x0065	0x060E      	XORWF      _i, 0
L__main32:
0x0066	0x1903      	BTFSC      STATUS, 2
0x0067	0x2871      	GOTO       L__main23
0x0068	0x3000      	MOVLW      0
0x0069	0x060F      	XORWF      _i+1, 0
0x006A	0x1D03      	BTFSS      STATUS, 2
0x006B	0x286E      	GOTO       L__main33
0x006C	0x3005      	MOVLW      5
0x006D	0x060E      	XORWF      _i, 0
L__main33:
0x006E	0x1903      	BTFSC      STATUS, 2
0x006F	0x2871      	GOTO       L__main23
0x0070	0x2875      	GOTO       L_main19
L__main23:
0x0071	0x1283      	BCF        STATUS, 5
;Tamrin2.c,17 :: 		portB = 0b11001100;}
0x0072	0x30CC      	MOVLW      204
0x0073	0x0086      	MOVWF      PORTB
0x0074	0x2878      	GOTO       L_main20
L_main19:
0x0075	0x1283      	BCF        STATUS, 5
;Tamrin2.c,18 :: 		else {portB = 0b00110011;}
0x0076	0x3033      	MOVLW      51
0x0077	0x0086      	MOVWF      PORTB
L_main20:
;Tamrin2.c,19 :: 		delay_ms(300);
0x0078	0x3002      	MOVLW      2
0x0079	0x00CB      	MOVWF      R11
0x007A	0x3086      	MOVLW      134
0x007B	0x00CC      	MOVWF      R12
0x007C	0x3099      	MOVLW      153
0x007D	0x00CD      	MOVWF      R13
L_main21:
0x007E	0x0BCD      	DECFSZ     R13, 1
0x007F	0x287E      	GOTO       L_main21
0x0080	0x0BCC      	DECFSZ     R12, 1
0x0081	0x287E      	GOTO       L_main21
0x0082	0x0BCB      	DECFSZ     R11, 1
0x0083	0x287E      	GOTO       L_main21
;Tamrin2.c,15 :: 		for(i=0;i<5;i++){
0x0084	0x0A8E      	INCF       _i, 1
0x0085	0x1903      	BTFSC      STATUS, 2
0x0086	0x0A8F      	INCF       _i+1, 1
;Tamrin2.c,20 :: 		}
0x0087	0x284D      	GOTO       L_main14
L_main15:
;Tamrin2.c,21 :: 		}
0x0088	0x288C      	GOTO       L_main22
L_main13:
0x0089	0x1283      	BCF        STATUS, 5
;Tamrin2.c,22 :: 		else {portB = 0b11111111;}
0x008A	0x30FF      	MOVLW      255
0x008B	0x0086      	MOVWF      PORTB
L_main22:
L_main12:
;Tamrin2.c,23 :: 		}while(1);
0x008C	0x2807      	GOTO       L_main0
;Tamrin2.c,24 :: 		}
L_end_main:
0x008D	0x288D      	GOTO       $+0
; end of _main
Symbol List:
//** Routines locations **
//ADDRESS    SIZE    PROCEDURE
//----------------------------------------------
0x0003     [139]    _main
//** Variables locations ** 
//ADDRESS    SIZE    VARIABLE
//----------------------------------------------
0x0000       [1]    INDF
0x0003       [1]    STATUS
0x0004       [1]    FSR
0x0005       [1]    PORTA
0x0006       [1]    PORTB
0x000A       [1]    PCLATH
0x000C       [2]    ___DoICPAddr
0x000E       [2]    _i
0x0040       [1]    R0
0x0041       [1]    R1
0x0042       [1]    R2
0x0043       [1]    R3
0x0044       [1]    R4
0x0045       [1]    R5
0x0046       [1]    R6
0x0047       [1]    R7
0x0048       [1]    R8
0x0049       [1]    R9
0x004A       [1]    R10
0x004B       [1]    R11
0x004C       [1]    R12
0x004D       [1]    R13
0x004E       [1]    R14
0x004F       [1]    R15
0x0085       [1]    TRISA
0x0086       [1]    TRISB
