;  LST file generated by mikroListExporter - v.2.0 
; Date/Time: 11/19/2023 4:08:34 PM
;----------------------------------------------

;Address Opcode 	ASM
0x0000	0x283C      	GOTO       60
_interrupt:
0x0004	0x00CF      	MOVWF      R15
0x0005	0x0E03      	SWAPF      STATUS, 0
0x0006	0x0183      	CLRF       STATUS
0x0007	0x0090      	MOVWF      ___saveSTATUS
0x0008	0x080A      	MOVF       PCLATH, 0
0x0009	0x0091      	MOVWF      ___savePCLATH
0x000A	0x018A      	CLRF       PCLATH
;Tamrin3.c,3 :: 		void interrupt(){
;Tamrin3.c,4 :: 		if(i<10){
0x000B	0x3080      	MOVLW      128
0x000C	0x060D      	XORWF      _i+1, 0
0x000D	0x00C0      	MOVWF      R0
0x000E	0x3080      	MOVLW      128
0x000F	0x0240      	SUBWF      R0, 0
0x0010	0x1D03      	BTFSS      STATUS, 2
0x0011	0x2814      	GOTO       L__interrupt4
0x0012	0x300A      	MOVLW      10
0x0013	0x020C      	SUBWF      _i, 0
L__interrupt4:
0x0014	0x1803      	BTFSC      STATUS, 0
0x0015	0x281E      	GOTO       L_interrupt0
;Tamrin3.c,5 :: 		i++;
0x0016	0x1283      	BCF        STATUS, 5
0x0017	0x0A8C      	INCF       _i, 1
0x0018	0x1903      	BTFSC      STATUS, 2
0x0019	0x0A8D      	INCF       _i+1, 1
;Tamrin3.c,6 :: 		INTCON.T0IF=0;
0x001A	0x110B      	BCF        INTCON, 2
;Tamrin3.c,7 :: 		TMR0=60;
0x001B	0x303C      	MOVLW      60
0x001C	0x0081      	MOVWF      TMR0
;Tamrin3.c,8 :: 		}else{
0x001D	0x2823      	GOTO       L_interrupt1
L_interrupt0:
0x001E	0x1283      	BCF        STATUS, 5
;Tamrin3.c,9 :: 		portA.f0=~portA.f0;
0x001F	0x3001      	MOVLW      1
0x0020	0x0685      	XORWF      PORTA, 1
;Tamrin3.c,10 :: 		i=0;
0x0021	0x018C      	CLRF       _i
0x0022	0x018D      	CLRF       _i+1
;Tamrin3.c,11 :: 		}
L_interrupt1:
;Tamrin3.c,12 :: 		}
L_end_interrupt:
L__interrupt3:
0x0023	0x0811      	MOVF       ___savePCLATH, 0
0x0024	0x008A      	MOVWF      PCLATH
0x0025	0x0E10      	SWAPF      ___saveSTATUS, 0
0x0026	0x0083      	MOVWF      STATUS
0x0027	0x0ECF      	SWAPF      R15, 1
0x0028	0x0E4F      	SWAPF      R15, 0
0x0029	0x0009      	RETFIE
; end of _interrupt
_____DoICP:
;__Lib_System.c,6 :: 		
;__Lib_System.c,9 :: 		
0x002A	0x1283      	BCF        STATUS, 5
0x002B	0x080F      	MOVF       ___DoICPAddr+1, 0
0x002C	0x008A      	MOVWF      PCLATH
;__Lib_System.c,10 :: 		
0x002D	0x080E      	MOVF       ___DoICPAddr, 0
0x002E	0x0082      	MOVWF      PCL
;__Lib_System.c,12 :: 		
L_end_____DoICP:
0x002F	0x0008      	RETURN
; end of _____DoICP
___CC2DW:
;__Lib_System.c,134 :: 		
;__Lib_System.c,137 :: 		
_CC2D_Loop1:
;__Lib_System.c,139 :: 		
0x0030	0x202A      	CALL       _____DoICP
0x0031	0x118A      	BCF        PCLATH, 3
0x0032	0x120A      	BCF        PCLATH, 4
;__Lib_System.c,141 :: 		
0x0033	0x0080      	MOVWF      INDF
;__Lib_System.c,142 :: 		
0x0034	0x0A84      	INCF       FSR, 1
;__Lib_System.c,143 :: 		
0x0035	0x0A8E      	INCF       ___DoICPAddr, 1
;__Lib_System.c,145 :: 		
0x0036	0x1903      	BTFSC      STATUS, 2
;__Lib_System.c,146 :: 		
0x0037	0x0A8F      	INCF       ___DoICPAddr+1, 1
;__Lib_System.c,147 :: 		
0x0038	0x03C0      	DECF       R0, 1
;__Lib_System.c,149 :: 		
0x0039	0x1D03      	BTFSS      STATUS, 2
;__Lib_System.c,150 :: 		
0x003A	0x2830      	GOTO       _CC2D_Loop1
;__Lib_System.c,152 :: 		
L_end___CC2DW:
0x003B	0x0008      	RETURN
; end of ___CC2DW
_main:
0x003C	0x1283      	BCF        STATUS, 5
0x003D	0x018C      	CLRF       _i
0x003E	0x018D      	CLRF       13
;Tamrin3.c,14 :: 		void main() {
;Tamrin3.c,15 :: 		trisA=0;
0x003F	0x1683      	BSF        STATUS, 5
0x0040	0x0185      	CLRF       TRISA
;Tamrin3.c,16 :: 		portA=0;
0x0041	0x1283      	BCF        STATUS, 5
0x0042	0x0185      	CLRF       PORTA
;Tamrin3.c,17 :: 		INTCON=0b10100000;
0x0043	0x30A0      	MOVLW      160
0x0044	0x008B      	MOVWF      INTCON
;Tamrin3.c,18 :: 		OPTION_REG=7;
0x0045	0x3007      	MOVLW      7
0x0046	0x1683      	BSF        STATUS, 5
0x0047	0x0081      	MOVWF      OPTION_REG
;Tamrin3.c,19 :: 		TMR0=60;
0x0048	0x303C      	MOVLW      60
0x0049	0x1283      	BCF        STATUS, 5
0x004A	0x0081      	MOVWF      TMR0
;Tamrin3.c,20 :: 		}
L_end_main:
0x004B	0x284B      	GOTO       $+0
; end of _main
Symbol List:
//** Routines locations **
//ADDRESS    SIZE    PROCEDURE
//----------------------------------------------
0x0004      [38]    _interrupt
0x002A       [6]    _____DoICP
0x0030      [12]    ___CC2DW
0x003C      [16]    _main
//** Variables locations ** 
//ADDRESS    SIZE    VARIABLE
//----------------------------------------------
0x0000       [1]    INDF
0x0001       [1]    TMR0
0x0002       [1]    PCL
0x0003       [1]    STATUS
0x0004       [1]    FSR
0x0005       [1]    PORTA
0x000A       [1]    PCLATH
0x000B       [1]    INTCON
0x000C       [2]    _i
0x000E       [2]    ___DoICPAddr
0x0010       [1]    ___saveSTATUS
0x0011       [1]    ___savePCLATH
0x0040       [1]    R0
0x0041       [1]    R1
0x0042       [1]    R2
0x0043       [1]    R3
0x0044       [1]    R4
0x0045       [1]    R5
0x0046       [1]    R6
0x0047       [1]    R7
0x0048       [1]    R8
0x0049       [1]    R9
0x004A       [1]    R10
0x004B       [1]    R11
0x004C       [1]    R12
0x004D       [1]    R13
0x004E       [1]    R14
0x004F       [1]    R15
0x0081       [1]    OPTION_REG
0x0085       [1]    TRISA
