;  LST file generated by mikroListExporter - v.2.0 
; Date/Time: 12/30/2023 11:18:33 PM
;----------------------------------------------

;Address Opcode 	ASM
0x0000	0x29E7      	GOTO       487
_Delay_50us:
;__Lib_Delays.c,19 :: 		void Delay_50us() {
;__Lib_Delays.c,20 :: 		Delay_us(50);
0x0003	0x3021      	MOVLW      33
0x0004	0x1283      	BCF        STATUS, 5
0x0005	0x1303      	BCF        STATUS, 6
0x0006	0x00FD      	MOVWF      R13
L_Delay_50us2:
0x0007	0x0BFD      	DECFSZ     R13, 1
0x0008	0x2807      	GOTO       L_Delay_50us2
;__Lib_Delays.c,21 :: 		}
L_end_Delay_50us:
0x0009	0x0008      	RETURN
; end of _Delay_50us
_Delay_1us:
;__Lib_Delays.c,7 :: 		void Delay_1us() {
;__Lib_Delays.c,8 :: 		Delay_us(1);
0x000A	0x0000      	NOP
0x000B	0x0000      	NOP
;__Lib_Delays.c,9 :: 		}
L_end_Delay_1us:
0x000C	0x0008      	RETURN
; end of _Delay_1us
_Delay_5500us:
;__Lib_Delays.c,31 :: 		void Delay_5500us() {
;__Lib_Delays.c,32 :: 		Delay_us(5500);
0x000D	0x300F      	MOVLW      15
0x000E	0x1283      	BCF        STATUS, 5
0x000F	0x1303      	BCF        STATUS, 6
0x0010	0x00FC      	MOVWF      R12
0x0011	0x3047      	MOVLW      71
0x0012	0x00FD      	MOVWF      R13
L_Delay_5500us5:
0x0013	0x0BFD      	DECFSZ     R13, 1
0x0014	0x2813      	GOTO       L_Delay_5500us5
0x0015	0x0BFC      	DECFSZ     R12, 1
0x0016	0x2813      	GOTO       L_Delay_5500us5
0x0017	0x0000      	NOP
0x0018	0x0000      	NOP
;__Lib_Delays.c,33 :: 		}
L_end_Delay_5500us:
0x0019	0x0008      	RETURN
; end of _Delay_5500us
_Lcd_Cmd:
;__Lib_Lcd.c,18 :: 		
;__Lib_Lcd.c,20 :: 		
0x001A	0x1683      	BSF        STATUS, 5
0x001B	0x1303      	BCF        STATUS, 6
0x001C	0x1BAD      	BTFSC      FARG_Lcd_Cmd_out_char, 7
0x001D	0x2821      	GOTO       L__Lcd_Cmd21
0x001E	0x1283      	BCF        STATUS, 5
0x001F	0x1386      	BCF        LCD_D7, BitPos(LCD_D7+0)
0x0020	0x2823      	GOTO       L__Lcd_Cmd22
L__Lcd_Cmd21:
0x0021	0x1283      	BCF        STATUS, 5
0x0022	0x1786      	BSF        LCD_D7, BitPos(LCD_D7+0)
L__Lcd_Cmd22:
;__Lib_Lcd.c,21 :: 		
0x0023	0x1683      	BSF        STATUS, 5
0x0024	0x1B2D      	BTFSC      FARG_Lcd_Cmd_out_char, 6
0x0025	0x2829      	GOTO       L__Lcd_Cmd23
0x0026	0x1283      	BCF        STATUS, 5
0x0027	0x1306      	BCF        LCD_D6, BitPos(LCD_D6+0)
0x0028	0x282B      	GOTO       L__Lcd_Cmd24
L__Lcd_Cmd23:
0x0029	0x1283      	BCF        STATUS, 5
0x002A	0x1706      	BSF        LCD_D6, BitPos(LCD_D6+0)
L__Lcd_Cmd24:
;__Lib_Lcd.c,22 :: 		
0x002B	0x1683      	BSF        STATUS, 5
0x002C	0x1AAD      	BTFSC      FARG_Lcd_Cmd_out_char, 5
0x002D	0x2831      	GOTO       L__Lcd_Cmd25
0x002E	0x1283      	BCF        STATUS, 5
0x002F	0x1286      	BCF        LCD_D5, BitPos(LCD_D5+0)
0x0030	0x2833      	GOTO       L__Lcd_Cmd26
L__Lcd_Cmd25:
0x0031	0x1283      	BCF        STATUS, 5
0x0032	0x1686      	BSF        LCD_D5, BitPos(LCD_D5+0)
L__Lcd_Cmd26:
;__Lib_Lcd.c,23 :: 		
0x0033	0x1683      	BSF        STATUS, 5
0x0034	0x1A2D      	BTFSC      FARG_Lcd_Cmd_out_char, 4
0x0035	0x2839      	GOTO       L__Lcd_Cmd27
0x0036	0x1283      	BCF        STATUS, 5
0x0037	0x1206      	BCF        LCD_D4, BitPos(LCD_D4+0)
0x0038	0x283B      	GOTO       L__Lcd_Cmd28
L__Lcd_Cmd27:
0x0039	0x1283      	BCF        STATUS, 5
0x003A	0x1606      	BSF        LCD_D4, BitPos(LCD_D4+0)
L__Lcd_Cmd28:
;__Lib_Lcd.c,25 :: 		
0x003B	0x1683      	BSF        STATUS, 5
0x003C	0x1827      	BTFSC      __Lib_Lcd_cmd_status, BitPos(__Lib_Lcd_cmd_status+0)
0x003D	0x2841      	GOTO       L__Lcd_Cmd29
0x003E	0x1283      	BCF        STATUS, 5
0x003F	0x1506      	BSF        LCD_RS, BitPos(LCD_RS+0)
0x0040	0x2843      	GOTO       L__Lcd_Cmd30
L__Lcd_Cmd29:
0x0041	0x1283      	BCF        STATUS, 5
0x0042	0x1106      	BCF        LCD_RS, BitPos(LCD_RS+0)
L__Lcd_Cmd30:
;__Lib_Lcd.c,28 :: 		
0x0043	0x1586      	BSF        LCD_EN, BitPos(LCD_EN+0)
;__Lib_Lcd.c,29 :: 		
0x0044	0x200A      	CALL       _Delay_1us
;__Lib_Lcd.c,30 :: 		
0x0045	0x1186      	BCF        LCD_EN, BitPos(LCD_EN+0)
;__Lib_Lcd.c,33 :: 		
0x0046	0x1683      	BSF        STATUS, 5
0x0047	0x19AD      	BTFSC      FARG_Lcd_Cmd_out_char, 3
0x0048	0x284C      	GOTO       L__Lcd_Cmd31
0x0049	0x1283      	BCF        STATUS, 5
0x004A	0x1386      	BCF        LCD_D7, BitPos(LCD_D7+0)
0x004B	0x284E      	GOTO       L__Lcd_Cmd32
L__Lcd_Cmd31:
0x004C	0x1283      	BCF        STATUS, 5
0x004D	0x1786      	BSF        LCD_D7, BitPos(LCD_D7+0)
L__Lcd_Cmd32:
;__Lib_Lcd.c,34 :: 		
0x004E	0x1683      	BSF        STATUS, 5
0x004F	0x192D      	BTFSC      FARG_Lcd_Cmd_out_char, 2
0x0050	0x2854      	GOTO       L__Lcd_Cmd33
0x0051	0x1283      	BCF        STATUS, 5
0x0052	0x1306      	BCF        LCD_D6, BitPos(LCD_D6+0)
0x0053	0x2856      	GOTO       L__Lcd_Cmd34
L__Lcd_Cmd33:
0x0054	0x1283      	BCF        STATUS, 5
0x0055	0x1706      	BSF        LCD_D6, BitPos(LCD_D6+0)
L__Lcd_Cmd34:
;__Lib_Lcd.c,35 :: 		
0x0056	0x1683      	BSF        STATUS, 5
0x0057	0x18AD      	BTFSC      FARG_Lcd_Cmd_out_char, 1
0x0058	0x285C      	GOTO       L__Lcd_Cmd35
0x0059	0x1283      	BCF        STATUS, 5
0x005A	0x1286      	BCF        LCD_D5, BitPos(LCD_D5+0)
0x005B	0x285E      	GOTO       L__Lcd_Cmd36
L__Lcd_Cmd35:
0x005C	0x1283      	BCF        STATUS, 5
0x005D	0x1686      	BSF        LCD_D5, BitPos(LCD_D5+0)
L__Lcd_Cmd36:
;__Lib_Lcd.c,36 :: 		
0x005E	0x1683      	BSF        STATUS, 5
0x005F	0x182D      	BTFSC      FARG_Lcd_Cmd_out_char, 0
0x0060	0x2864      	GOTO       L__Lcd_Cmd37
0x0061	0x1283      	BCF        STATUS, 5
0x0062	0x1206      	BCF        LCD_D4, BitPos(LCD_D4+0)
0x0063	0x2866      	GOTO       L__Lcd_Cmd38
L__Lcd_Cmd37:
0x0064	0x1283      	BCF        STATUS, 5
0x0065	0x1606      	BSF        LCD_D4, BitPos(LCD_D4+0)
L__Lcd_Cmd38:
;__Lib_Lcd.c,38 :: 		
0x0066	0x1683      	BSF        STATUS, 5
0x0067	0x1827      	BTFSC      __Lib_Lcd_cmd_status, BitPos(__Lib_Lcd_cmd_status+0)
0x0068	0x286C      	GOTO       L__Lcd_Cmd39
0x0069	0x1283      	BCF        STATUS, 5
0x006A	0x1506      	BSF        LCD_RS, BitPos(LCD_RS+0)
0x006B	0x286E      	GOTO       L__Lcd_Cmd40
L__Lcd_Cmd39:
0x006C	0x1283      	BCF        STATUS, 5
0x006D	0x1106      	BCF        LCD_RS, BitPos(LCD_RS+0)
L__Lcd_Cmd40:
;__Lib_Lcd.c,40 :: 		
0x006E	0x1586      	BSF        LCD_EN, BitPos(LCD_EN+0)
;__Lib_Lcd.c,41 :: 		
0x006F	0x200A      	CALL       _Delay_1us
;__Lib_Lcd.c,42 :: 		
0x0070	0x1186      	BCF        LCD_EN, BitPos(LCD_EN+0)
;__Lib_Lcd.c,44 :: 		
0x0071	0x1683      	BSF        STATUS, 5
0x0072	0x1C27      	BTFSS      __Lib_Lcd_cmd_status, BitPos(__Lib_Lcd_cmd_status+0)
0x0073	0x2876      	GOTO       L_Lcd_Cmd0
;__Lib_Lcd.c,45 :: 		
0x0074	0x200D      	CALL       _Delay_5500us
0x0075	0x2877      	GOTO       L_Lcd_Cmd1
L_Lcd_Cmd0:
;__Lib_Lcd.c,47 :: 		
0x0076	0x2003      	CALL       _Delay_50us
L_Lcd_Cmd1:
;__Lib_Lcd.c,48 :: 		
L_end_Lcd_Cmd:
0x0077	0x0008      	RETURN
; end of _Lcd_Cmd
_____DoICP:
;__Lib_System.c,6 :: 		
;__Lib_System.c,9 :: 		
0x0078	0x1283      	BCF        STATUS, 5
0x0079	0x1303      	BCF        STATUS, 6
0x007A	0x086B      	MOVF       ___DoICPAddr+1, 0
0x007B	0x008A      	MOVWF      PCLATH
;__Lib_System.c,10 :: 		
0x007C	0x086A      	MOVF       ___DoICPAddr, 0
0x007D	0x0082      	MOVWF      PCL
;__Lib_System.c,12 :: 		
L_end_____DoICP:
0x007E	0x0008      	RETURN
; end of _____DoICP
_Lcd_Chr_CP:
;__Lib_Lcd.c,50 :: 		
;__Lib_Lcd.c,52 :: 		
0x007F	0x1683      	BSF        STATUS, 5
0x0080	0x1303      	BCF        STATUS, 6
0x0081	0x1027      	BCF        __Lib_Lcd_cmd_status, BitPos(__Lib_Lcd_cmd_status+0)
;__Lib_Lcd.c,53 :: 		
0x0082	0x082C      	MOVF       FARG_Lcd_Chr_CP_out_char, 0
0x0083	0x00AD      	MOVWF      FARG_Lcd_Cmd_out_char
0x0084	0x201A      	CALL       _Lcd_Cmd
;__Lib_Lcd.c,54 :: 		
0x0085	0x1683      	BSF        STATUS, 5
0x0086	0x1427      	BSF        __Lib_Lcd_cmd_status, BitPos(__Lib_Lcd_cmd_status+0)
;__Lib_Lcd.c,55 :: 		
L_end_Lcd_Chr_CP:
0x0087	0x0008      	RETURN
; end of _Lcd_Chr_CP
_Lcd_Out:
;__Lib_Lcd.c,184 :: 		
;__Lib_Lcd.c,187 :: 		
0x0088	0x289A      	GOTO       L_Lcd_Out11
;__Lib_Lcd.c,188 :: 		
L_Lcd_Out13:
0x0089	0x3080      	MOVLW      128
0x008A	0x1683      	BSF        STATUS, 5
0x008B	0x1303      	BCF        STATUS, 6
0x008C	0x00A8      	MOVWF      FARG_Lcd_Out_row
0x008D	0x28AD      	GOTO       L_Lcd_Out12
;__Lib_Lcd.c,189 :: 		
L_Lcd_Out14:
0x008E	0x30C0      	MOVLW      192
0x008F	0x00A8      	MOVWF      FARG_Lcd_Out_row
0x0090	0x28AD      	GOTO       L_Lcd_Out12
;__Lib_Lcd.c,190 :: 		
L_Lcd_Out15:
0x0091	0x3094      	MOVLW      148
0x0092	0x00A8      	MOVWF      FARG_Lcd_Out_row
0x0093	0x28AD      	GOTO       L_Lcd_Out12
;__Lib_Lcd.c,191 :: 		
L_Lcd_Out16:
0x0094	0x30D4      	MOVLW      212
0x0095	0x00A8      	MOVWF      FARG_Lcd_Out_row
0x0096	0x28AD      	GOTO       L_Lcd_Out12
;__Lib_Lcd.c,192 :: 		
L_Lcd_Out17:
0x0097	0x3080      	MOVLW      128
0x0098	0x00A8      	MOVWF      FARG_Lcd_Out_row
;__Lib_Lcd.c,193 :: 		
0x0099	0x28AD      	GOTO       L_Lcd_Out12
L_Lcd_Out11:
0x009A	0x1683      	BSF        STATUS, 5
0x009B	0x1303      	BCF        STATUS, 6
0x009C	0x0828      	MOVF       FARG_Lcd_Out_row, 0
0x009D	0x3A01      	XORLW      1
0x009E	0x1903      	BTFSC      STATUS, 2
0x009F	0x2889      	GOTO       L_Lcd_Out13
0x00A0	0x0828      	MOVF       FARG_Lcd_Out_row, 0
0x00A1	0x3A02      	XORLW      2
0x00A2	0x1903      	BTFSC      STATUS, 2
0x00A3	0x288E      	GOTO       L_Lcd_Out14
0x00A4	0x0828      	MOVF       FARG_Lcd_Out_row, 0
0x00A5	0x3A03      	XORLW      3
0x00A6	0x1903      	BTFSC      STATUS, 2
0x00A7	0x2891      	GOTO       L_Lcd_Out15
0x00A8	0x0828      	MOVF       FARG_Lcd_Out_row, 0
0x00A9	0x3A04      	XORLW      4
0x00AA	0x1903      	BTFSC      STATUS, 2
0x00AB	0x2894      	GOTO       L_Lcd_Out16
0x00AC	0x2897      	GOTO       L_Lcd_Out17
L_Lcd_Out12:
;__Lib_Lcd.c,194 :: 		
0x00AD	0x0329      	DECF       FARG_Lcd_Out_column, 0
0x00AE	0x00F0      	MOVWF      R0
0x00AF	0x0828      	MOVF       FARG_Lcd_Out_row, 0
0x00B0	0x07F0      	ADDWF      R0, 1
0x00B1	0x0870      	MOVF       R0, 0
0x00B2	0x00A8      	MOVWF      FARG_Lcd_Out_row
;__Lib_Lcd.c,196 :: 		
0x00B3	0x0870      	MOVF       R0, 0
0x00B4	0x00AD      	MOVWF      FARG_Lcd_Cmd_out_char
0x00B5	0x201A      	CALL       _Lcd_Cmd
;__Lib_Lcd.c,197 :: 		
0x00B6	0x1683      	BSF        STATUS, 5
0x00B7	0x1027      	BCF        __Lib_Lcd_cmd_status, BitPos(__Lib_Lcd_cmd_status+0)
;__Lib_Lcd.c,198 :: 		
0x00B8	0x01AB      	CLRF       Lcd_Out_i_L0
;__Lib_Lcd.c,199 :: 		
L_Lcd_Out18:
0x00B9	0x082B      	MOVF       Lcd_Out_i_L0, 0
0x00BA	0x072A      	ADDWF      FARG_Lcd_Out_text, 0
0x00BB	0x0084      	MOVWF      FSR
0x00BC	0x0800      	MOVF       INDF, 0
0x00BD	0x1903      	BTFSC      STATUS, 2
0x00BE	0x28C7      	GOTO       L_Lcd_Out19
;__Lib_Lcd.c,200 :: 		
0x00BF	0x082B      	MOVF       Lcd_Out_i_L0, 0
0x00C0	0x072A      	ADDWF      FARG_Lcd_Out_text, 0
0x00C1	0x0084      	MOVWF      FSR
0x00C2	0x0800      	MOVF       INDF, 0
0x00C3	0x00AC      	MOVWF      FARG_Lcd_Chr_CP_out_char
0x00C4	0x207F      	CALL       _Lcd_Chr_CP
0x00C5	0x0AAB      	INCF       Lcd_Out_i_L0, 1
0x00C6	0x28B9      	GOTO       L_Lcd_Out18
L_Lcd_Out19:
;__Lib_Lcd.c,201 :: 		
0x00C7	0x1427      	BSF        __Lib_Lcd_cmd_status, BitPos(__Lib_Lcd_cmd_status+0)
;__Lib_Lcd.c,202 :: 		
L_end_Lcd_Out:
0x00C8	0x0008      	RETURN
; end of _Lcd_Out
___CC2DW:
;__Lib_System.c,134 :: 		
;__Lib_System.c,137 :: 		
_CC2D_Loop1:
;__Lib_System.c,139 :: 		
0x00C9	0x2078      	CALL       _____DoICP
0x00CA	0x118A      	BCF        PCLATH, 3
0x00CB	0x120A      	BCF        PCLATH, 4
;__Lib_System.c,141 :: 		
0x00CC	0x0080      	MOVWF      INDF
;__Lib_System.c,142 :: 		
0x00CD	0x0A84      	INCF       FSR, 1
;__Lib_System.c,143 :: 		
0x00CE	0x0AEA      	INCF       ___DoICPAddr, 1
;__Lib_System.c,145 :: 		
0x00CF	0x1903      	BTFSC      STATUS, 2
;__Lib_System.c,146 :: 		
0x00D0	0x0AEB      	INCF       ___DoICPAddr+1, 1
;__Lib_System.c,147 :: 		
0x00D1	0x03F0      	DECF       R0, 1
;__Lib_System.c,149 :: 		
0x00D2	0x1D03      	BTFSS      STATUS, 2
;__Lib_System.c,150 :: 		
0x00D3	0x28C9      	GOTO       _CC2D_Loop1
;__Lib_System.c,152 :: 		
L_end___CC2DW:
0x00D4	0x0008      	RETURN
; end of ___CC2DW
_Lcd_Init:
;__Lib_Lcd.c,84 :: 		
;__Lib_Lcd.c,86 :: 		
0x00D5	0x1683      	BSF        STATUS, 5
0x00D6	0x1303      	BCF        STATUS, 6
0x00D7	0x1186      	BCF        LCD_EN_Direction, BitPos(LCD_EN_Direction+0)
;__Lib_Lcd.c,87 :: 		
0x00D8	0x1106      	BCF        LCD_RS_Direction, BitPos(LCD_RS_Direction+0)
;__Lib_Lcd.c,88 :: 		
0x00D9	0x1206      	BCF        LCD_D4_Direction, BitPos(LCD_D4_Direction+0)
;__Lib_Lcd.c,89 :: 		
0x00DA	0x1286      	BCF        LCD_D5_Direction, BitPos(LCD_D5_Direction+0)
;__Lib_Lcd.c,90 :: 		
0x00DB	0x1306      	BCF        LCD_D6_Direction, BitPos(LCD_D6_Direction+0)
;__Lib_Lcd.c,91 :: 		
0x00DC	0x1386      	BCF        LCD_D7_Direction, BitPos(LCD_D7_Direction+0)
;__Lib_Lcd.c,93 :: 		
0x00DD	0x1283      	BCF        STATUS, 5
0x00DE	0x1186      	BCF        LCD_EN, BitPos(LCD_EN+0)
;__Lib_Lcd.c,94 :: 		
0x00DF	0x1106      	BCF        LCD_RS, BitPos(LCD_RS+0)
;__Lib_Lcd.c,95 :: 		
0x00E0	0x1386      	BCF        LCD_D7, BitPos(LCD_D7+0)
;__Lib_Lcd.c,96 :: 		
0x00E1	0x1306      	BCF        LCD_D6, BitPos(LCD_D6+0)
;__Lib_Lcd.c,97 :: 		
0x00E2	0x1286      	BCF        LCD_D5, BitPos(LCD_D5+0)
;__Lib_Lcd.c,98 :: 		
0x00E3	0x1206      	BCF        LCD_D4, BitPos(LCD_D4+0)
;__Lib_Lcd.c,100 :: 		
0x00E4	0x200D      	CALL       _Delay_5500us
;__Lib_Lcd.c,101 :: 		
0x00E5	0x200D      	CALL       _Delay_5500us
;__Lib_Lcd.c,102 :: 		
0x00E6	0x200D      	CALL       _Delay_5500us
;__Lib_Lcd.c,105 :: 		
0x00E7	0x1686      	BSF        LCD_D5, BitPos(LCD_D5+0)
;__Lib_Lcd.c,106 :: 		
0x00E8	0x1606      	BSF        LCD_D4, BitPos(LCD_D4+0)
;__Lib_Lcd.c,107 :: 		
0x00E9	0x1586      	BSF        LCD_EN, BitPos(LCD_EN+0)
;__Lib_Lcd.c,108 :: 		
0x00EA	0x200A      	CALL       _Delay_1us
;__Lib_Lcd.c,109 :: 		
0x00EB	0x1186      	BCF        LCD_EN, BitPos(LCD_EN+0)
;__Lib_Lcd.c,110 :: 		
0x00EC	0x200D      	CALL       _Delay_5500us
;__Lib_Lcd.c,112 :: 		
0x00ED	0x1586      	BSF        LCD_EN, BitPos(LCD_EN+0)
;__Lib_Lcd.c,113 :: 		
0x00EE	0x200A      	CALL       _Delay_1us
;__Lib_Lcd.c,114 :: 		
0x00EF	0x1186      	BCF        LCD_EN, BitPos(LCD_EN+0)
;__Lib_Lcd.c,115 :: 		
0x00F0	0x200D      	CALL       _Delay_5500us
;__Lib_Lcd.c,117 :: 		
0x00F1	0x1586      	BSF        LCD_EN, BitPos(LCD_EN+0)
;__Lib_Lcd.c,118 :: 		
0x00F2	0x200A      	CALL       _Delay_1us
;__Lib_Lcd.c,119 :: 		
0x00F3	0x1186      	BCF        LCD_EN, BitPos(LCD_EN+0)
;__Lib_Lcd.c,120 :: 		
0x00F4	0x200D      	CALL       _Delay_5500us
;__Lib_Lcd.c,123 :: 		
0x00F5	0x1206      	BCF        LCD_D4, BitPos(LCD_D4+0)
;__Lib_Lcd.c,124 :: 		
0x00F6	0x1586      	BSF        LCD_EN, BitPos(LCD_EN+0)
;__Lib_Lcd.c,125 :: 		
0x00F7	0x200A      	CALL       _Delay_1us
;__Lib_Lcd.c,126 :: 		
0x00F8	0x1186      	BCF        LCD_EN, BitPos(LCD_EN+0)
;__Lib_Lcd.c,127 :: 		
0x00F9	0x200D      	CALL       _Delay_5500us
;__Lib_Lcd.c,130 :: 		
0x00FA	0x1586      	BSF        LCD_EN, BitPos(LCD_EN+0)
;__Lib_Lcd.c,131 :: 		
0x00FB	0x200A      	CALL       _Delay_1us
;__Lib_Lcd.c,132 :: 		
0x00FC	0x1186      	BCF        LCD_EN, BitPos(LCD_EN+0)
;__Lib_Lcd.c,134 :: 		
0x00FD	0x1286      	BCF        LCD_D5, BitPos(LCD_D5+0)
;__Lib_Lcd.c,135 :: 		
0x00FE	0x1786      	BSF        LCD_D7, BitPos(LCD_D7+0)
;__Lib_Lcd.c,136 :: 		
0x00FF	0x1586      	BSF        LCD_EN, BitPos(LCD_EN+0)
;__Lib_Lcd.c,137 :: 		
0x0100	0x200A      	CALL       _Delay_1us
;__Lib_Lcd.c,138 :: 		
0x0101	0x1186      	BCF        LCD_EN, BitPos(LCD_EN+0)
;__Lib_Lcd.c,139 :: 		
0x0102	0x200D      	CALL       _Delay_5500us
;__Lib_Lcd.c,142 :: 		
0x0103	0x1386      	BCF        LCD_D7, BitPos(LCD_D7+0)
;__Lib_Lcd.c,143 :: 		
0x0104	0x1606      	BSF        LCD_D4, BitPos(LCD_D4+0)
;__Lib_Lcd.c,144 :: 		
0x0105	0x1586      	BSF        LCD_EN, BitPos(LCD_EN+0)
;__Lib_Lcd.c,145 :: 		
0x0106	0x200A      	CALL       _Delay_1us
;__Lib_Lcd.c,146 :: 		
0x0107	0x1186      	BCF        LCD_EN, BitPos(LCD_EN+0)
;__Lib_Lcd.c,148 :: 		
0x0108	0x1206      	BCF        LCD_D4, BitPos(LCD_D4+0)
;__Lib_Lcd.c,149 :: 		
0x0109	0x1586      	BSF        LCD_EN, BitPos(LCD_EN+0)
;__Lib_Lcd.c,150 :: 		
0x010A	0x200A      	CALL       _Delay_1us
;__Lib_Lcd.c,151 :: 		
0x010B	0x1186      	BCF        LCD_EN, BitPos(LCD_EN+0)
;__Lib_Lcd.c,152 :: 		
0x010C	0x200D      	CALL       _Delay_5500us
;__Lib_Lcd.c,155 :: 		
0x010D	0x1586      	BSF        LCD_EN, BitPos(LCD_EN+0)
;__Lib_Lcd.c,156 :: 		
0x010E	0x200A      	CALL       _Delay_1us
;__Lib_Lcd.c,157 :: 		
0x010F	0x1186      	BCF        LCD_EN, BitPos(LCD_EN+0)
;__Lib_Lcd.c,159 :: 		
0x0110	0x1606      	BSF        LCD_D4, BitPos(LCD_D4+0)
;__Lib_Lcd.c,160 :: 		
0x0111	0x1586      	BSF        LCD_EN, BitPos(LCD_EN+0)
;__Lib_Lcd.c,161 :: 		
0x0112	0x200A      	CALL       _Delay_1us
;__Lib_Lcd.c,162 :: 		
0x0113	0x1186      	BCF        LCD_EN, BitPos(LCD_EN+0)
;__Lib_Lcd.c,163 :: 		
0x0114	0x200D      	CALL       _Delay_5500us
;__Lib_Lcd.c,166 :: 		
0x0115	0x1206      	BCF        LCD_D4, BitPos(LCD_D4+0)
;__Lib_Lcd.c,167 :: 		
0x0116	0x1586      	BSF        LCD_EN, BitPos(LCD_EN+0)
;__Lib_Lcd.c,168 :: 		
0x0117	0x200A      	CALL       _Delay_1us
;__Lib_Lcd.c,169 :: 		
0x0118	0x1186      	BCF        LCD_EN, BitPos(LCD_EN+0)
;__Lib_Lcd.c,171 :: 		
0x0119	0x1786      	BSF        LCD_D7, BitPos(LCD_D7+0)
;__Lib_Lcd.c,172 :: 		
0x011A	0x1706      	BSF        LCD_D6, BitPos(LCD_D6+0)
;__Lib_Lcd.c,173 :: 		
0x011B	0x1686      	BSF        LCD_D5, BitPos(LCD_D5+0)
;__Lib_Lcd.c,174 :: 		
0x011C	0x1606      	BSF        LCD_D4, BitPos(LCD_D4+0)
;__Lib_Lcd.c,175 :: 		
0x011D	0x1586      	BSF        LCD_EN, BitPos(LCD_EN+0)
;__Lib_Lcd.c,176 :: 		
0x011E	0x200A      	CALL       _Delay_1us
;__Lib_Lcd.c,177 :: 		
0x011F	0x1186      	BCF        LCD_EN, BitPos(LCD_EN+0)
;__Lib_Lcd.c,179 :: 		
0x0120	0x200D      	CALL       _Delay_5500us
;__Lib_Lcd.c,181 :: 		
0x0121	0x1683      	BSF        STATUS, 5
0x0122	0x1427      	BSF        __Lib_Lcd_cmd_status, BitPos(__Lib_Lcd_cmd_status+0)
;__Lib_Lcd.c,182 :: 		
L_end_Lcd_Init:
0x0123	0x0008      	RETURN
; end of _Lcd_Init
_ReadData:
;MyProject.c,35 :: 		char ReadData(){
;MyProject.c,37 :: 		for(j = 0; j < 8; j++){
0x0124	0x1283      	BCF        STATUS, 5
0x0125	0x1303      	BCF        STATUS, 6
0x0126	0x01F3      	CLRF       R3
L_ReadData7:
0x0127	0x3008      	MOVLW      8
0x0128	0x0273      	SUBWF      R3, 0
0x0129	0x1803      	BTFSC      STATUS, 0
0x012A	0x295D      	GOTO       L_ReadData8
;MyProject.c,38 :: 		while(!PORTB.B0); //Wait until PORTD.F0 goes HIGH
L_ReadData10:
0x012B	0x1806      	BTFSC      PORTB, 0
0x012C	0x292E      	GOTO       L_ReadData11
0x012D	0x292B      	GOTO       L_ReadData10
L_ReadData11:
;MyProject.c,39 :: 		delay_us(30);
0x012E	0x3013      	MOVLW      19
0x012F	0x00FD      	MOVWF      R13
L_ReadData12:
0x0130	0x0BFD      	DECFSZ     R13, 1
0x0131	0x2930      	GOTO       L_ReadData12
0x0132	0x0000      	NOP
0x0133	0x0000      	NOP
;MyProject.c,40 :: 		if(PORTB.B0 == 0)
0x0134	0x1806      	BTFSC      PORTB, 0
0x0135	0x2948      	GOTO       L_ReadData13
;MyProject.c,41 :: 		i&= ~(1<<(7 - j)); //Clear bit (7-b)
0x0136	0x0873      	MOVF       R3, 0
0x0137	0x3C07      	SUBLW      7
0x0138	0x00F0      	MOVWF      R0
0x0139	0x0870      	MOVF       R0, 0
0x013A	0x00F1      	MOVWF      R1
0x013B	0x3001      	MOVLW      1
0x013C	0x00F0      	MOVWF      R0
0x013D	0x0871      	MOVF       R1, 0
L__ReadData50:
0x013E	0x1903      	BTFSC      STATUS, 2
0x013F	0x2944      	GOTO       L__ReadData51
0x0140	0x0DF0      	RLF        R0, 1
0x0141	0x1070      	BCF        R0, 0
0x0142	0x3EFF      	ADDLW      255
0x0143	0x293E      	GOTO       L__ReadData50
L__ReadData51:
0x0144	0x09F0      	COMF       R0, 1
0x0145	0x0870      	MOVF       R0, 0
0x0146	0x05F2      	ANDWF      R2, 1
0x0147	0x295B      	GOTO       L_ReadData14
L_ReadData13:
;MyProject.c,42 :: 		else {i|= (1 << (7 - j)); //Set bit (7-b)
0x0148	0x0873      	MOVF       R3, 0
0x0149	0x3C07      	SUBLW      7
0x014A	0x00F0      	MOVWF      R0
0x014B	0x0870      	MOVF       R0, 0
0x014C	0x00F1      	MOVWF      R1
0x014D	0x3001      	MOVLW      1
0x014E	0x00F0      	MOVWF      R0
0x014F	0x0871      	MOVF       R1, 0
L__ReadData52:
0x0150	0x1903      	BTFSC      STATUS, 2
0x0151	0x2956      	GOTO       L__ReadData53
0x0152	0x0DF0      	RLF        R0, 1
0x0153	0x1070      	BCF        R0, 0
0x0154	0x3EFF      	ADDLW      255
0x0155	0x2950      	GOTO       L__ReadData52
L__ReadData53:
0x0156	0x0870      	MOVF       R0, 0
0x0157	0x04F2      	IORWF      R2, 1
;MyProject.c,43 :: 		while(PORTB.B0);} //Wait until PORTD.F0 goes LOW
L_ReadData15:
0x0158	0x1C06      	BTFSS      PORTB, 0
0x0159	0x295B      	GOTO       L_ReadData16
0x015A	0x2958      	GOTO       L_ReadData15
L_ReadData16:
L_ReadData14:
;MyProject.c,37 :: 		for(j = 0; j < 8; j++){
0x015B	0x0AF3      	INCF       R3, 1
;MyProject.c,44 :: 		}
0x015C	0x2927      	GOTO       L_ReadData7
L_ReadData8:
;MyProject.c,45 :: 		return i;
0x015D	0x0872      	MOVF       R2, 0
0x015E	0x00F0      	MOVWF      R0
;MyProject.c,46 :: 		}
L_end_ReadData:
0x015F	0x0008      	RETURN
; end of _ReadData
_Div_16X16_U:
;__Lib_Math.c,215 :: 		
;__Lib_Math.c,222 :: 		
0x0160	0x1283      	BCF        STATUS, 5
;__Lib_Math.c,223 :: 		
0x0161	0x1303      	BCF        STATUS, 6
;__Lib_Math.c,224 :: 		
0x0162	0x01F8      	CLRF       R8
;__Lib_Math.c,225 :: 		
0x0163	0x01F9      	CLRF       R9
;__Lib_Math.c,226 :: 		
0x0164	0x3010      	MOVLW      16
;__Lib_Math.c,227 :: 		
0x0165	0x00FC      	MOVWF      R12
;__Lib_Math.c,228 :: 		
0x0166	0x0D71      	RLF        R1, 0
;__Lib_Math.c,229 :: 		
0x0167	0x0DF8      	RLF        R8, 1
;__Lib_Math.c,230 :: 		
0x0168	0x0DF9      	RLF        R9, 1
;__Lib_Math.c,231 :: 		
0x0169	0x0874      	MOVF       R4, 0
;__Lib_Math.c,232 :: 		
0x016A	0x02F8      	SUBWF      R8, 1
;__Lib_Math.c,233 :: 		
0x016B	0x0875      	MOVF       R5, 0
;__Lib_Math.c,234 :: 		
0x016C	0x1C03      	BTFSS      STATUS, 0
;__Lib_Math.c,235 :: 		
0x016D	0x0F75      	INCFSZ     R5, 0
;__Lib_Math.c,236 :: 		
0x016E	0x02F9      	SUBWF      R9, 1
;__Lib_Math.c,237 :: 		
0x016F	0x1803      	BTFSC      STATUS, 0
;__Lib_Math.c,238 :: 		
0x0170	0x2978      	GOTO       $+8
;__Lib_Math.c,239 :: 		
0x0171	0x0874      	MOVF       R4, 0
;__Lib_Math.c,240 :: 		
0x0172	0x07F8      	ADDWF      R8, 1
;__Lib_Math.c,241 :: 		
0x0173	0x0875      	MOVF       R5, 0
;__Lib_Math.c,242 :: 		
0x0174	0x1803      	BTFSC      STATUS, 0
;__Lib_Math.c,243 :: 		
0x0175	0x0F75      	INCFSZ     R5, 0
;__Lib_Math.c,244 :: 		
0x0176	0x07F9      	ADDWF      R9, 1
;__Lib_Math.c,245 :: 		
0x0177	0x1003      	BCF        STATUS, 0
;__Lib_Math.c,246 :: 		
0x0178	0x0DF0      	RLF        R0, 1
;__Lib_Math.c,247 :: 		
0x0179	0x0DF1      	RLF        R1, 1
;__Lib_Math.c,248 :: 		
0x017A	0x0BFC      	DECFSZ     R12, 1
;__Lib_Math.c,249 :: 		
0x017B	0x2966      	GOTO       $-21
;__Lib_Math.c,251 :: 		
L_end_Div_16X16_U:
0x017C	0x0008      	RETURN
; end of _Div_16X16_U
_Lcd_Chr:
;__Lib_Lcd.c,65 :: 		
;__Lib_Lcd.c,66 :: 		
0x017D	0x298F      	GOTO       L_Lcd_Chr4
;__Lib_Lcd.c,67 :: 		
L_Lcd_Chr6:
0x017E	0x3080      	MOVLW      128
0x017F	0x1683      	BSF        STATUS, 5
0x0180	0x1303      	BCF        STATUS, 6
0x0181	0x00A8      	MOVWF      FARG_Lcd_Chr_row
0x0182	0x29A2      	GOTO       L_Lcd_Chr5
;__Lib_Lcd.c,68 :: 		
L_Lcd_Chr7:
0x0183	0x30C0      	MOVLW      192
0x0184	0x00A8      	MOVWF      FARG_Lcd_Chr_row
0x0185	0x29A2      	GOTO       L_Lcd_Chr5
;__Lib_Lcd.c,69 :: 		
L_Lcd_Chr8:
0x0186	0x3094      	MOVLW      148
0x0187	0x00A8      	MOVWF      FARG_Lcd_Chr_row
0x0188	0x29A2      	GOTO       L_Lcd_Chr5
;__Lib_Lcd.c,70 :: 		
L_Lcd_Chr9:
0x0189	0x30D4      	MOVLW      212
0x018A	0x00A8      	MOVWF      FARG_Lcd_Chr_row
0x018B	0x29A2      	GOTO       L_Lcd_Chr5
;__Lib_Lcd.c,71 :: 		
L_Lcd_Chr10:
0x018C	0x3080      	MOVLW      128
0x018D	0x00A8      	MOVWF      FARG_Lcd_Chr_row
;__Lib_Lcd.c,72 :: 		
0x018E	0x29A2      	GOTO       L_Lcd_Chr5
L_Lcd_Chr4:
0x018F	0x1683      	BSF        STATUS, 5
0x0190	0x1303      	BCF        STATUS, 6
0x0191	0x0828      	MOVF       FARG_Lcd_Chr_row, 0
0x0192	0x3A01      	XORLW      1
0x0193	0x1903      	BTFSC      STATUS, 2
0x0194	0x297E      	GOTO       L_Lcd_Chr6
0x0195	0x0828      	MOVF       FARG_Lcd_Chr_row, 0
0x0196	0x3A02      	XORLW      2
0x0197	0x1903      	BTFSC      STATUS, 2
0x0198	0x2983      	GOTO       L_Lcd_Chr7
0x0199	0x0828      	MOVF       FARG_Lcd_Chr_row, 0
0x019A	0x3A03      	XORLW      3
0x019B	0x1903      	BTFSC      STATUS, 2
0x019C	0x2986      	GOTO       L_Lcd_Chr8
0x019D	0x0828      	MOVF       FARG_Lcd_Chr_row, 0
0x019E	0x3A04      	XORLW      4
0x019F	0x1903      	BTFSC      STATUS, 2
0x01A0	0x2989      	GOTO       L_Lcd_Chr9
0x01A1	0x298C      	GOTO       L_Lcd_Chr10
L_Lcd_Chr5:
;__Lib_Lcd.c,74 :: 		
0x01A2	0x0329      	DECF       FARG_Lcd_Chr_column, 0
0x01A3	0x00F0      	MOVWF      R0
0x01A4	0x0828      	MOVF       FARG_Lcd_Chr_row, 0
0x01A5	0x07F0      	ADDWF      R0, 1
0x01A6	0x0870      	MOVF       R0, 0
0x01A7	0x00A8      	MOVWF      FARG_Lcd_Chr_row
;__Lib_Lcd.c,76 :: 		
0x01A8	0x1427      	BSF        __Lib_Lcd_cmd_status, BitPos(__Lib_Lcd_cmd_status+0)
;__Lib_Lcd.c,77 :: 		
0x01A9	0x0870      	MOVF       R0, 0
0x01AA	0x00AD      	MOVWF      FARG_Lcd_Cmd_out_char
0x01AB	0x201A      	CALL       _Lcd_Cmd
;__Lib_Lcd.c,79 :: 		
0x01AC	0x1683      	BSF        STATUS, 5
0x01AD	0x1027      	BCF        __Lib_Lcd_cmd_status, BitPos(__Lib_Lcd_cmd_status+0)
;__Lib_Lcd.c,80 :: 		
0x01AE	0x082A      	MOVF       FARG_Lcd_Chr_out_char, 0
0x01AF	0x00AD      	MOVWF      FARG_Lcd_Cmd_out_char
0x01B0	0x201A      	CALL       _Lcd_Cmd
;__Lib_Lcd.c,81 :: 		
0x01B1	0x1683      	BSF        STATUS, 5
0x01B2	0x1427      	BSF        __Lib_Lcd_cmd_status, BitPos(__Lib_Lcd_cmd_status+0)
;__Lib_Lcd.c,82 :: 		
L_end_Lcd_Chr:
0x01B3	0x0008      	RETURN
; end of _Lcd_Chr
_CheckResponse:
;MyProject.c,27 :: 		void CheckResponse(){
;MyProject.c,28 :: 		Check = 0;
0x01B4	0x1683      	BSF        STATUS, 5
0x01B5	0x1303      	BCF        STATUS, 6
0x01B6	0x01A6      	CLRF       _Check
;MyProject.c,29 :: 		delay_us(40);
0x01B7	0x301A      	MOVLW      26
0x01B8	0x00FD      	MOVWF      R13
L_CheckResponse2:
0x01B9	0x0BFD      	DECFSZ     R13, 1
0x01BA	0x29B9      	GOTO       L_CheckResponse2
0x01BB	0x0000      	NOP
;MyProject.c,30 :: 		if (PORTB.B0 == 0){
0x01BC	0x1283      	BCF        STATUS, 5
0x01BD	0x1806      	BTFSC      PORTB, 0
0x01BE	0x29CD      	GOTO       L_CheckResponse3
;MyProject.c,31 :: 		delay_us(80);
0x01BF	0x3035      	MOVLW      53
0x01C0	0x00FD      	MOVWF      R13
L_CheckResponse4:
0x01C1	0x0BFD      	DECFSZ     R13, 1
0x01C2	0x29C1      	GOTO       L_CheckResponse4
;MyProject.c,32 :: 		if (PORTB.B0 == 1) Check = 1; delay_us(40);}
0x01C3	0x1C06      	BTFSS      PORTB, 0
0x01C4	0x29C8      	GOTO       L_CheckResponse5
0x01C5	0x3001      	MOVLW      1
0x01C6	0x1683      	BSF        STATUS, 5
0x01C7	0x00A6      	MOVWF      _Check
L_CheckResponse5:
0x01C8	0x301A      	MOVLW      26
0x01C9	0x00FD      	MOVWF      R13
L_CheckResponse6:
0x01CA	0x0BFD      	DECFSZ     R13, 1
0x01CB	0x29CA      	GOTO       L_CheckResponse6
0x01CC	0x0000      	NOP
L_CheckResponse3:
;MyProject.c,33 :: 		}
L_end_CheckResponse:
0x01CD	0x0008      	RETURN
; end of _CheckResponse
_StartSignal:
;MyProject.c,18 :: 		void StartSignal(){
;MyProject.c,19 :: 		TRISB.B0 = 0; //Configure RD0 as output
0x01CE	0x1683      	BSF        STATUS, 5
0x01CF	0x1303      	BCF        STATUS, 6
0x01D0	0x1006      	BCF        TRISB, 0
;MyProject.c,20 :: 		PORTB.B0 = 0; //RD0 sends 0 to the sensor
0x01D1	0x1283      	BCF        STATUS, 5
0x01D2	0x1006      	BCF        PORTB, 0
;MyProject.c,21 :: 		delay_ms(18);
0x01D3	0x302F      	MOVLW      47
0x01D4	0x00FC      	MOVWF      R12
0x01D5	0x30BF      	MOVLW      191
0x01D6	0x00FD      	MOVWF      R13
L_StartSignal0:
0x01D7	0x0BFD      	DECFSZ     R13, 1
0x01D8	0x29D7      	GOTO       L_StartSignal0
0x01D9	0x0BFC      	DECFSZ     R12, 1
0x01DA	0x29D7      	GOTO       L_StartSignal0
0x01DB	0x0000      	NOP
0x01DC	0x0000      	NOP
;MyProject.c,22 :: 		PORTB.B0 = 1; //RD0 sends 1 to the sensor
0x01DD	0x1406      	BSF        PORTB, 0
;MyProject.c,23 :: 		delay_us(30);
0x01DE	0x3013      	MOVLW      19
0x01DF	0x00FD      	MOVWF      R13
L_StartSignal1:
0x01E0	0x0BFD      	DECFSZ     R13, 1
0x01E1	0x29E0      	GOTO       L_StartSignal1
0x01E2	0x0000      	NOP
0x01E3	0x0000      	NOP
;MyProject.c,24 :: 		TRISB.B0 = 1; //Configure RD0 as input
0x01E4	0x1683      	BSF        STATUS, 5
0x01E5	0x1406      	BSF        TRISB, 0
;MyProject.c,25 :: 		}
L_end_StartSignal:
0x01E6	0x0008      	RETURN
; end of _StartSignal
_main:
0x01E7	0x23E8      	CALL       1000
;MyProject.c,48 :: 		void main() {
;MyProject.c,49 :: 		TRISD = 0;        // Configure Port D as output
0x01E8	0x1683      	BSF        STATUS, 5
0x01E9	0x1303      	BCF        STATUS, 6
0x01EA	0x0188      	CLRF       TRISD
;MyProject.c,50 :: 		PORTD = 0;        // Initialize Port D
0x01EB	0x1283      	BCF        STATUS, 5
0x01EC	0x0188      	CLRF       PORTD
;MyProject.c,51 :: 		TRISB.F1 = 0;
0x01ED	0x1683      	BSF        STATUS, 5
0x01EE	0x1086      	BCF        TRISB, 1
;MyProject.c,52 :: 		Lcd_Init();
0x01EF	0x20D5      	CALL       _Lcd_Init
;MyProject.c,53 :: 		Lcd_Cmd(_LCD_CURSOR_OFF); // cursor off
0x01F0	0x300C      	MOVLW      12
0x01F1	0x00AD      	MOVWF      FARG_Lcd_Cmd_out_char
0x01F2	0x201A      	CALL       _Lcd_Cmd
;MyProject.c,54 :: 		Lcd_Cmd(_LCD_CLEAR); // clear LCD
0x01F3	0x3001      	MOVLW      1
0x01F4	0x1683      	BSF        STATUS, 5
0x01F5	0x00AD      	MOVWF      FARG_Lcd_Cmd_out_char
0x01F6	0x201A      	CALL       _Lcd_Cmd
;MyProject.c,55 :: 		while(1){
L_main17:
;MyProject.c,56 :: 		StartSignal();
0x01F7	0x21CE      	CALL       _StartSignal
;MyProject.c,57 :: 		CheckResponse();
0x01F8	0x21B4      	CALL       _CheckResponse
;MyProject.c,58 :: 		if(Check == 1){
0x01F9	0x1683      	BSF        STATUS, 5
0x01FA	0x1303      	BCF        STATUS, 6
0x01FB	0x0826      	MOVF       _Check, 0
0x01FC	0x3A01      	XORLW      1
0x01FD	0x1D03      	BTFSS      STATUS, 2
0x01FE	0x2ABE      	GOTO       L_main19
;MyProject.c,59 :: 		RH_byte1 = ReadData();
0x01FF	0x2124      	CALL       _ReadData
0x0200	0x0870      	MOVF       R0, 0
0x0201	0x00EC      	MOVWF      _RH_byte1
;MyProject.c,60 :: 		RH_byte2 = ReadData();
0x0202	0x2124      	CALL       _ReadData
0x0203	0x0870      	MOVF       R0, 0
0x0204	0x00EF      	MOVWF      _RH_byte2
;MyProject.c,61 :: 		T_byte1 = ReadData();
0x0205	0x2124      	CALL       _ReadData
0x0206	0x0870      	MOVF       R0, 0
0x0207	0x1683      	BSF        STATUS, 5
0x0208	0x00A1      	MOVWF      _T_byte1
;MyProject.c,62 :: 		T_byte2 = ReadData();
0x0209	0x2124      	CALL       _ReadData
0x020A	0x0870      	MOVF       R0, 0
0x020B	0x1683      	BSF        STATUS, 5
0x020C	0x00A0      	MOVWF      _T_byte2
;MyProject.c,63 :: 		Sum = ReadData();
0x020D	0x2124      	CALL       _ReadData
0x020E	0x0870      	MOVF       R0, 0
0x020F	0x00ED      	MOVWF      _Sum
0x0210	0x01EE      	CLRF       _Sum+1
;MyProject.c,64 :: 		if(Sum == ((RH_byte1+RH_byte2+T_byte1+T_byte2) & 0XFF)){
0x0211	0x086F      	MOVF       _RH_byte2, 0
0x0212	0x076C      	ADDWF      _RH_byte1, 0
0x0213	0x00F0      	MOVWF      R0
0x0214	0x01F1      	CLRF       R0+1
0x0215	0x1803      	BTFSC      STATUS, 0
0x0216	0x0AF1      	INCF       R0+1, 1
0x0217	0x1683      	BSF        STATUS, 5
0x0218	0x0821      	MOVF       _T_byte1, 0
0x0219	0x07F0      	ADDWF      R0, 1
0x021A	0x1803      	BTFSC      STATUS, 0
0x021B	0x0AF1      	INCF       R0+1, 1
0x021C	0x0820      	MOVF       _T_byte2, 0
0x021D	0x07F0      	ADDWF      R0, 1
0x021E	0x1803      	BTFSC      STATUS, 0
0x021F	0x0AF1      	INCF       R0+1, 1
0x0220	0x30FF      	MOVLW      255
0x0221	0x0570      	ANDWF      R0, 0
0x0222	0x00F2      	MOVWF      R2
0x0223	0x0871      	MOVF       R0+1, 0
0x0224	0x00F3      	MOVWF      R2+1
0x0225	0x3000      	MOVLW      0
0x0226	0x05F3      	ANDWF      R2+1, 1
0x0227	0x1283      	BCF        STATUS, 5
0x0228	0x086E      	MOVF       _Sum+1, 0
0x0229	0x0673      	XORWF      R2+1, 0
0x022A	0x1D03      	BTFSS      STATUS, 2
0x022B	0x2A2E      	GOTO       L__main55
0x022C	0x0872      	MOVF       R2, 0
0x022D	0x066D      	XORWF      _Sum, 0
L__main55:
0x022E	0x1D03      	BTFSS      STATUS, 2
0x022F	0x2AAA      	GOTO       L_main20
;MyProject.c,65 :: 		Temp = T_byte1;
0x0230	0x1683      	BSF        STATUS, 5
0x0231	0x0821      	MOVF       _T_byte1, 0
0x0232	0x00A4      	MOVWF      _Temp
0x0233	0x01A5      	CLRF       _Temp+1
;MyProject.c,66 :: 		RH = RH_byte1;
0x0234	0x1283      	BCF        STATUS, 5
0x0235	0x086C      	MOVF       _RH_byte1, 0
0x0236	0x1683      	BSF        STATUS, 5
0x0237	0x00A2      	MOVWF      _RH
0x0238	0x01A3      	CLRF       _RH+1
;MyProject.c,67 :: 		Lcd_Out(1, 2, "Temp:        C");
0x0239	0x3001      	MOVLW      1
0x023A	0x00A8      	MOVWF      FARG_Lcd_Out_row
0x023B	0x3002      	MOVLW      2
0x023C	0x00A9      	MOVWF      FARG_Lcd_Out_column
0x023D	0x302F      	MOVLW      ?lstr1_MyProject
0x023E	0x00AA      	MOVWF      FARG_Lcd_Out_text
0x023F	0x2088      	CALL       _Lcd_Out
;MyProject.c,68 :: 		Lcd_Out(2, 2, "Hum :        %");
0x0240	0x3002      	MOVLW      2
0x0241	0x00A8      	MOVWF      FARG_Lcd_Out_row
0x0242	0x3002      	MOVLW      2
0x0243	0x00A9      	MOVWF      FARG_Lcd_Out_column
0x0244	0x3020      	MOVLW      ?lstr2_MyProject
0x0245	0x00AA      	MOVWF      FARG_Lcd_Out_text
0x0246	0x2088      	CALL       _Lcd_Out
;MyProject.c,69 :: 		LCD_Chr(1, 12, 48 + ((Temp / 10) % 10));
0x0247	0x3001      	MOVLW      1
0x0248	0x00A8      	MOVWF      FARG_Lcd_Chr_row
0x0249	0x300C      	MOVLW      12
0x024A	0x00A9      	MOVWF      FARG_Lcd_Chr_column
0x024B	0x300A      	MOVLW      10
0x024C	0x00F4      	MOVWF      R4
0x024D	0x3000      	MOVLW      0
0x024E	0x00F5      	MOVWF      R4+1
0x024F	0x0824      	MOVF       _Temp, 0
0x0250	0x00F0      	MOVWF      R0
0x0251	0x0825      	MOVF       _Temp+1, 0
0x0252	0x00F1      	MOVWF      R0+1
0x0253	0x2160      	CALL       _Div_16X16_U
0x0254	0x300A      	MOVLW      10
0x0255	0x00F4      	MOVWF      R4
0x0256	0x3000      	MOVLW      0
0x0257	0x00F5      	MOVWF      R4+1
0x0258	0x2160      	CALL       _Div_16X16_U
0x0259	0x0878      	MOVF       R8, 0
0x025A	0x00F0      	MOVWF      R0
0x025B	0x0879      	MOVF       R8+1, 0
0x025C	0x00F1      	MOVWF      R0+1
0x025D	0x0870      	MOVF       R0, 0
0x025E	0x3E30      	ADDLW      48
0x025F	0x1683      	BSF        STATUS, 5
0x0260	0x00AA      	MOVWF      FARG_Lcd_Chr_out_char
0x0261	0x217D      	CALL       _Lcd_Chr
;MyProject.c,70 :: 		LCD_Chr(1, 13, 48 + (Temp % 10));
0x0262	0x3001      	MOVLW      1
0x0263	0x00A8      	MOVWF      FARG_Lcd_Chr_row
0x0264	0x300D      	MOVLW      13
0x0265	0x00A9      	MOVWF      FARG_Lcd_Chr_column
0x0266	0x300A      	MOVLW      10
0x0267	0x00F4      	MOVWF      R4
0x0268	0x3000      	MOVLW      0
0x0269	0x00F5      	MOVWF      R4+1
0x026A	0x0824      	MOVF       _Temp, 0
0x026B	0x00F0      	MOVWF      R0
0x026C	0x0825      	MOVF       _Temp+1, 0
0x026D	0x00F1      	MOVWF      R0+1
0x026E	0x2160      	CALL       _Div_16X16_U
0x026F	0x0878      	MOVF       R8, 0
0x0270	0x00F0      	MOVWF      R0
0x0271	0x0879      	MOVF       R8+1, 0
0x0272	0x00F1      	MOVWF      R0+1
0x0273	0x0870      	MOVF       R0, 0
0x0274	0x3E30      	ADDLW      48
0x0275	0x1683      	BSF        STATUS, 5
0x0276	0x00AA      	MOVWF      FARG_Lcd_Chr_out_char
0x0277	0x217D      	CALL       _Lcd_Chr
;MyProject.c,71 :: 		LCD_Chr(2, 12, 48 + ((RH / 10) % 10));
0x0278	0x3002      	MOVLW      2
0x0279	0x00A8      	MOVWF      FARG_Lcd_Chr_row
0x027A	0x300C      	MOVLW      12
0x027B	0x00A9      	MOVWF      FARG_Lcd_Chr_column
0x027C	0x300A      	MOVLW      10
0x027D	0x00F4      	MOVWF      R4
0x027E	0x3000      	MOVLW      0
0x027F	0x00F5      	MOVWF      R4+1
0x0280	0x0822      	MOVF       _RH, 0
0x0281	0x00F0      	MOVWF      R0
0x0282	0x0823      	MOVF       _RH+1, 0
0x0283	0x00F1      	MOVWF      R0+1
0x0284	0x2160      	CALL       _Div_16X16_U
0x0285	0x300A      	MOVLW      10
0x0286	0x00F4      	MOVWF      R4
0x0287	0x3000      	MOVLW      0
0x0288	0x00F5      	MOVWF      R4+1
0x0289	0x2160      	CALL       _Div_16X16_U
0x028A	0x0878      	MOVF       R8, 0
0x028B	0x00F0      	MOVWF      R0
0x028C	0x0879      	MOVF       R8+1, 0
0x028D	0x00F1      	MOVWF      R0+1
0x028E	0x0870      	MOVF       R0, 0
0x028F	0x3E30      	ADDLW      48
0x0290	0x1683      	BSF        STATUS, 5
0x0291	0x00AA      	MOVWF      FARG_Lcd_Chr_out_char
0x0292	0x217D      	CALL       _Lcd_Chr
;MyProject.c,72 :: 		LCD_Chr(2, 13, 48 + (RH % 10));
0x0293	0x3002      	MOVLW      2
0x0294	0x00A8      	MOVWF      FARG_Lcd_Chr_row
0x0295	0x300D      	MOVLW      13
0x0296	0x00A9      	MOVWF      FARG_Lcd_Chr_column
0x0297	0x300A      	MOVLW      10
0x0298	0x00F4      	MOVWF      R4
0x0299	0x3000      	MOVLW      0
0x029A	0x00F5      	MOVWF      R4+1
0x029B	0x0822      	MOVF       _RH, 0
0x029C	0x00F0      	MOVWF      R0
0x029D	0x0823      	MOVF       _RH+1, 0
0x029E	0x00F1      	MOVWF      R0+1
0x029F	0x2160      	CALL       _Div_16X16_U
0x02A0	0x0878      	MOVF       R8, 0
0x02A1	0x00F0      	MOVWF      R0
0x02A2	0x0879      	MOVF       R8+1, 0
0x02A3	0x00F1      	MOVWF      R0+1
0x02A4	0x0870      	MOVF       R0, 0
0x02A5	0x3E30      	ADDLW      48
0x02A6	0x1683      	BSF        STATUS, 5
0x02A7	0x00AA      	MOVWF      FARG_Lcd_Chr_out_char
0x02A8	0x217D      	CALL       _Lcd_Chr
;MyProject.c,73 :: 		}
0x02A9	0x2ABD      	GOTO       L_main21
L_main20:
0x02AA	0x1683      	BSF        STATUS, 5
;MyProject.c,75 :: 		Lcd_Cmd(_LCD_CURSOR_OFF); // cursor off
0x02AB	0x300C      	MOVLW      12
0x02AC	0x00AD      	MOVWF      FARG_Lcd_Cmd_out_char
0x02AD	0x201A      	CALL       _Lcd_Cmd
;MyProject.c,76 :: 		Lcd_Cmd(_LCD_CLEAR); // clear LCD
0x02AE	0x3001      	MOVLW      1
0x02AF	0x1683      	BSF        STATUS, 5
0x02B0	0x00AD      	MOVWF      FARG_Lcd_Cmd_out_char
0x02B1	0x201A      	CALL       _Lcd_Cmd
;MyProject.c,77 :: 		Lcd_Out(1, 1, "Check sum error");
0x02B2	0x3001      	MOVLW      1
0x02B3	0x1683      	BSF        STATUS, 5
0x02B4	0x00A8      	MOVWF      FARG_Lcd_Out_row
0x02B5	0x3001      	MOVLW      1
0x02B6	0x00A9      	MOVWF      FARG_Lcd_Out_column
0x02B7	0x304A      	MOVLW      ?lstr3_MyProject
0x02B8	0x00AA      	MOVWF      FARG_Lcd_Out_text
0x02B9	0x2088      	CALL       _Lcd_Out
;MyProject.c,78 :: 		PORTD = 0b10000000;}
0x02BA	0x3080      	MOVLW      128
0x02BB	0x1283      	BCF        STATUS, 5
0x02BC	0x0088      	MOVWF      PORTD
L_main21:
;MyProject.c,79 :: 		}
0x02BD	0x2AD0      	GOTO       L_main22
L_main19:
;MyProject.c,81 :: 		Lcd_Out(1, 3, "No response");
0x02BE	0x3001      	MOVLW      1
0x02BF	0x1683      	BSF        STATUS, 5
0x02C0	0x00A8      	MOVWF      FARG_Lcd_Out_row
0x02C1	0x3003      	MOVLW      3
0x02C2	0x00A9      	MOVWF      FARG_Lcd_Out_column
0x02C3	0x303E      	MOVLW      ?lstr4_MyProject
0x02C4	0x00AA      	MOVWF      FARG_Lcd_Out_text
0x02C5	0x2088      	CALL       _Lcd_Out
;MyProject.c,82 :: 		Lcd_Out(2, 1, "from the sensor");
0x02C6	0x3002      	MOVLW      2
0x02C7	0x00A8      	MOVWF      FARG_Lcd_Out_row
0x02C8	0x3001      	MOVLW      1
0x02C9	0x00A9      	MOVWF      FARG_Lcd_Out_column
0x02CA	0x305A      	MOVLW      ?lstr5_MyProject
0x02CB	0x00AA      	MOVWF      FARG_Lcd_Out_text
0x02CC	0x2088      	CALL       _Lcd_Out
;MyProject.c,83 :: 		PORTD = 0b10000000;
0x02CD	0x3080      	MOVLW      128
0x02CE	0x1283      	BCF        STATUS, 5
0x02CF	0x0088      	MOVWF      PORTD
;MyProject.c,84 :: 		}
L_main22:
;MyProject.c,86 :: 		if (Temp  >= 31)  {
0x02D0	0x3000      	MOVLW      0
0x02D1	0x1683      	BSF        STATUS, 5
0x02D2	0x0225      	SUBWF      _Temp+1, 0
0x02D3	0x1D03      	BTFSS      STATUS, 2
0x02D4	0x2AD7      	GOTO       L__main56
0x02D5	0x301F      	MOVLW      31
0x02D6	0x0224      	SUBWF      _Temp, 0
L__main56:
0x02D7	0x1C03      	BTFSS      STATUS, 0
0x02D8	0x2ADF      	GOTO       L_main23
;MyProject.c,87 :: 		PORTD.f2 = 1;
0x02D9	0x1283      	BCF        STATUS, 5
0x02DA	0x1508      	BSF        PORTD, 2
;MyProject.c,88 :: 		PORTD.f3 = 0;
0x02DB	0x1188      	BCF        PORTD, 3
;MyProject.c,89 :: 		PORTD.f4 = 0;
0x02DC	0x1208      	BCF        PORTD, 4
;MyProject.c,90 :: 		PORTD.f5 = 0;
0x02DD	0x1288      	BCF        PORTD, 5
;MyProject.c,91 :: 		PORTD.f6 = 0;
0x02DE	0x1308      	BCF        PORTD, 6
;MyProject.c,92 :: 		}
L_main23:
;MyProject.c,93 :: 		if ((Temp >= 26) && (Temp <= 30)) {
0x02DF	0x3000      	MOVLW      0
0x02E0	0x1683      	BSF        STATUS, 5
0x02E1	0x0225      	SUBWF      _Temp+1, 0
0x02E2	0x1D03      	BTFSS      STATUS, 2
0x02E3	0x2AE6      	GOTO       L__main57
0x02E4	0x301A      	MOVLW      26
0x02E5	0x0224      	SUBWF      _Temp, 0
L__main57:
0x02E6	0x1C03      	BTFSS      STATUS, 0
0x02E7	0x2AF6      	GOTO       L_main26
0x02E8	0x0825      	MOVF       _Temp+1, 0
0x02E9	0x3C00      	SUBLW      0
0x02EA	0x1D03      	BTFSS      STATUS, 2
0x02EB	0x2AEE      	GOTO       L__main58
0x02EC	0x0824      	MOVF       _Temp, 0
0x02ED	0x3C1E      	SUBLW      30
L__main58:
0x02EE	0x1C03      	BTFSS      STATUS, 0
0x02EF	0x2AF6      	GOTO       L_main26
L__main46:
;MyProject.c,94 :: 		PORTD.f2 = 0;
0x02F0	0x1283      	BCF        STATUS, 5
0x02F1	0x1108      	BCF        PORTD, 2
;MyProject.c,95 :: 		PORTD.f3 = 1;
0x02F2	0x1588      	BSF        PORTD, 3
;MyProject.c,96 :: 		PORTD.f4 = 0;
0x02F3	0x1208      	BCF        PORTD, 4
;MyProject.c,97 :: 		PORTD.f5 = 0;
0x02F4	0x1288      	BCF        PORTD, 5
;MyProject.c,98 :: 		PORTD.f6 = 0;
0x02F5	0x1308      	BCF        PORTD, 6
;MyProject.c,99 :: 		}
L_main26:
;MyProject.c,100 :: 		if ((Temp >= 21) && (Temp <= 25)) {
0x02F6	0x3000      	MOVLW      0
0x02F7	0x1683      	BSF        STATUS, 5
0x02F8	0x0225      	SUBWF      _Temp+1, 0
0x02F9	0x1D03      	BTFSS      STATUS, 2
0x02FA	0x2AFD      	GOTO       L__main59
0x02FB	0x3015      	MOVLW      21
0x02FC	0x0224      	SUBWF      _Temp, 0
L__main59:
0x02FD	0x1C03      	BTFSS      STATUS, 0
0x02FE	0x2B0D      	GOTO       L_main29
0x02FF	0x0825      	MOVF       _Temp+1, 0
0x0300	0x3C00      	SUBLW      0
0x0301	0x1D03      	BTFSS      STATUS, 2
0x0302	0x2B05      	GOTO       L__main60
0x0303	0x0824      	MOVF       _Temp, 0
0x0304	0x3C19      	SUBLW      25
L__main60:
0x0305	0x1C03      	BTFSS      STATUS, 0
0x0306	0x2B0D      	GOTO       L_main29
L__main45:
;MyProject.c,101 :: 		PORTD.f2 = 0;
0x0307	0x1283      	BCF        STATUS, 5
0x0308	0x1108      	BCF        PORTD, 2
;MyProject.c,102 :: 		PORTD.f3 = 0;
0x0309	0x1188      	BCF        PORTD, 3
;MyProject.c,103 :: 		PORTD.f4 = 1;
0x030A	0x1608      	BSF        PORTD, 4
;MyProject.c,104 :: 		PORTD.f5 = 0;
0x030B	0x1288      	BCF        PORTD, 5
;MyProject.c,105 :: 		PORTD.f6 = 0;
0x030C	0x1308      	BCF        PORTD, 6
;MyProject.c,106 :: 		}
L_main29:
;MyProject.c,107 :: 		if ((Temp >= 16) && (Temp <= 20)) {
0x030D	0x3000      	MOVLW      0
0x030E	0x1683      	BSF        STATUS, 5
0x030F	0x0225      	SUBWF      _Temp+1, 0
0x0310	0x1D03      	BTFSS      STATUS, 2
0x0311	0x2B14      	GOTO       L__main61
0x0312	0x3010      	MOVLW      16
0x0313	0x0224      	SUBWF      _Temp, 0
L__main61:
0x0314	0x1C03      	BTFSS      STATUS, 0
0x0315	0x2B24      	GOTO       L_main32
0x0316	0x0825      	MOVF       _Temp+1, 0
0x0317	0x3C00      	SUBLW      0
0x0318	0x1D03      	BTFSS      STATUS, 2
0x0319	0x2B1C      	GOTO       L__main62
0x031A	0x0824      	MOVF       _Temp, 0
0x031B	0x3C14      	SUBLW      20
L__main62:
0x031C	0x1C03      	BTFSS      STATUS, 0
0x031D	0x2B24      	GOTO       L_main32
L__main44:
;MyProject.c,108 :: 		PORTD.f2 = 0;
0x031E	0x1283      	BCF        STATUS, 5
0x031F	0x1108      	BCF        PORTD, 2
;MyProject.c,109 :: 		PORTD.f3 = 0;
0x0320	0x1188      	BCF        PORTD, 3
;MyProject.c,110 :: 		PORTD.f4 = 0;
0x0321	0x1208      	BCF        PORTD, 4
;MyProject.c,111 :: 		PORTD.f5 = 1;
0x0322	0x1688      	BSF        PORTD, 5
;MyProject.c,112 :: 		PORTD.f6 = 0;
0x0323	0x1308      	BCF        PORTD, 6
;MyProject.c,113 :: 		}
L_main32:
;MyProject.c,114 :: 		if (Temp < 16)  {
0x0324	0x3000      	MOVLW      0
0x0325	0x1683      	BSF        STATUS, 5
0x0326	0x0225      	SUBWF      _Temp+1, 0
0x0327	0x1D03      	BTFSS      STATUS, 2
0x0328	0x2B2B      	GOTO       L__main63
0x0329	0x3010      	MOVLW      16
0x032A	0x0224      	SUBWF      _Temp, 0
L__main63:
0x032B	0x1803      	BTFSC      STATUS, 0
0x032C	0x2B33      	GOTO       L_main33
;MyProject.c,115 :: 		PORTD.f2 = 0;
0x032D	0x1283      	BCF        STATUS, 5
0x032E	0x1108      	BCF        PORTD, 2
;MyProject.c,116 :: 		PORTD.f3 = 0;
0x032F	0x1188      	BCF        PORTD, 3
;MyProject.c,117 :: 		PORTD.f4 = 0;
0x0330	0x1208      	BCF        PORTD, 4
;MyProject.c,118 :: 		PORTD.f5 = 0;
0x0331	0x1288      	BCF        PORTD, 5
;MyProject.c,119 :: 		PORTD.f6 = 1;
0x0332	0x1708      	BSF        PORTD, 6
;MyProject.c,120 :: 		}
L_main33:
;MyProject.c,121 :: 		if (RH > 60)  {
0x0333	0x1683      	BSF        STATUS, 5
0x0334	0x0823      	MOVF       _RH+1, 0
0x0335	0x3C00      	SUBLW      0
0x0336	0x1D03      	BTFSS      STATUS, 2
0x0337	0x2B3A      	GOTO       L__main64
0x0338	0x0822      	MOVF       _RH, 0
0x0339	0x3C3C      	SUBLW      60
L__main64:
0x033A	0x1803      	BTFSC      STATUS, 0
0x033B	0x2B4D      	GOTO       L_main34
;MyProject.c,122 :: 		PORTD.f1 = 1;
0x033C	0x1283      	BCF        STATUS, 5
0x033D	0x1488      	BSF        PORTD, 1
;MyProject.c,123 :: 		PORTD.f0 = 0;
0x033E	0x1008      	BCF        PORTD, 0
;MyProject.c,124 :: 		delay_ms(1000);
0x033F	0x300B      	MOVLW      11
0x0340	0x00FB      	MOVWF      R11
0x0341	0x3026      	MOVLW      38
0x0342	0x00FC      	MOVWF      R12
0x0343	0x305D      	MOVLW      93
0x0344	0x00FD      	MOVWF      R13
L_main35:
0x0345	0x0BFD      	DECFSZ     R13, 1
0x0346	0x2B45      	GOTO       L_main35
0x0347	0x0BFC      	DECFSZ     R12, 1
0x0348	0x2B45      	GOTO       L_main35
0x0349	0x0BFB      	DECFSZ     R11, 1
0x034A	0x2B45      	GOTO       L_main35
0x034B	0x0000      	NOP
0x034C	0x0000      	NOP
;MyProject.c,125 :: 		}
L_main34:
;MyProject.c,126 :: 		if ((RH <= 60) && (RH >= 40)) {
0x034D	0x1683      	BSF        STATUS, 5
0x034E	0x0823      	MOVF       _RH+1, 0
0x034F	0x3C00      	SUBLW      0
0x0350	0x1D03      	BTFSS      STATUS, 2
0x0351	0x2B54      	GOTO       L__main65
0x0352	0x0822      	MOVF       _RH, 0
0x0353	0x3C3C      	SUBLW      60
L__main65:
0x0354	0x1C03      	BTFSS      STATUS, 0
0x0355	0x2B6F      	GOTO       L_main38
0x0356	0x3000      	MOVLW      0
0x0357	0x0223      	SUBWF      _RH+1, 0
0x0358	0x1D03      	BTFSS      STATUS, 2
0x0359	0x2B5C      	GOTO       L__main66
0x035A	0x3028      	MOVLW      40
0x035B	0x0222      	SUBWF      _RH, 0
L__main66:
0x035C	0x1C03      	BTFSS      STATUS, 0
0x035D	0x2B6F      	GOTO       L_main38
L__main43:
;MyProject.c,127 :: 		PORTD.f1 = 0;
0x035E	0x1283      	BCF        STATUS, 5
0x035F	0x1088      	BCF        PORTD, 1
;MyProject.c,128 :: 		PORTD.f0 = 0;
0x0360	0x1008      	BCF        PORTD, 0
;MyProject.c,129 :: 		delay_ms(1000);
0x0361	0x300B      	MOVLW      11
0x0362	0x00FB      	MOVWF      R11
0x0363	0x3026      	MOVLW      38
0x0364	0x00FC      	MOVWF      R12
0x0365	0x305D      	MOVLW      93
0x0366	0x00FD      	MOVWF      R13
L_main39:
0x0367	0x0BFD      	DECFSZ     R13, 1
0x0368	0x2B67      	GOTO       L_main39
0x0369	0x0BFC      	DECFSZ     R12, 1
0x036A	0x2B67      	GOTO       L_main39
0x036B	0x0BFB      	DECFSZ     R11, 1
0x036C	0x2B67      	GOTO       L_main39
0x036D	0x0000      	NOP
0x036E	0x0000      	NOP
;MyProject.c,130 :: 		}
L_main38:
;MyProject.c,131 :: 		if (RH < 40) {
0x036F	0x3000      	MOVLW      0
0x0370	0x1683      	BSF        STATUS, 5
0x0371	0x0223      	SUBWF      _RH+1, 0
0x0372	0x1D03      	BTFSS      STATUS, 2
0x0373	0x2B76      	GOTO       L__main67
0x0374	0x3028      	MOVLW      40
0x0375	0x0222      	SUBWF      _RH, 0
L__main67:
0x0376	0x1803      	BTFSC      STATUS, 0
0x0377	0x2B89      	GOTO       L_main40
;MyProject.c,132 :: 		PORTD.f1 = 0;
0x0378	0x1283      	BCF        STATUS, 5
0x0379	0x1088      	BCF        PORTD, 1
;MyProject.c,133 :: 		PORTD.f0 = 1;
0x037A	0x1408      	BSF        PORTD, 0
;MyProject.c,134 :: 		delay_ms(1000);
0x037B	0x300B      	MOVLW      11
0x037C	0x00FB      	MOVWF      R11
0x037D	0x3026      	MOVLW      38
0x037E	0x00FC      	MOVWF      R12
0x037F	0x305D      	MOVLW      93
0x0380	0x00FD      	MOVWF      R13
L_main41:
0x0381	0x0BFD      	DECFSZ     R13, 1
0x0382	0x2B81      	GOTO       L_main41
0x0383	0x0BFC      	DECFSZ     R12, 1
0x0384	0x2B81      	GOTO       L_main41
0x0385	0x0BFB      	DECFSZ     R11, 1
0x0386	0x2B81      	GOTO       L_main41
0x0387	0x0000      	NOP
0x0388	0x0000      	NOP
;MyProject.c,136 :: 		}
L_main40:
;MyProject.c,138 :: 		delay_ms(1000);
0x0389	0x300B      	MOVLW      11
0x038A	0x00FB      	MOVWF      R11
0x038B	0x3026      	MOVLW      38
0x038C	0x00FC      	MOVWF      R12
0x038D	0x305D      	MOVLW      93
0x038E	0x00FD      	MOVWF      R13
L_main42:
0x038F	0x0BFD      	DECFSZ     R13, 1
0x0390	0x2B8F      	GOTO       L_main42
0x0391	0x0BFC      	DECFSZ     R12, 1
0x0392	0x2B8F      	GOTO       L_main42
0x0393	0x0BFB      	DECFSZ     R11, 1
0x0394	0x2B8F      	GOTO       L_main42
0x0395	0x0000      	NOP
0x0396	0x0000      	NOP
;MyProject.c,139 :: 		}
0x0397	0x29F7      	GOTO       L_main17
;MyProject.c,140 :: 		}
L_end_main:
0x0398	0x2B98      	GOTO       $+0
; end of _main
0x03E8	0x3020      	MOVLW      32
0x03E9	0x0084      	MOVWF      FSR
0x03EA	0x304A      	MOVLW      74
0x03EB	0x1283      	BCF        STATUS, 5
0x03EC	0x1303      	BCF        STATUS, 6
0x03ED	0x00F0      	MOVWF      R0
0x03EE	0x309E      	MOVLW      158
0x03EF	0x00EA      	MOVWF      ___DoICPAddr
0x03F0	0x3003      	MOVLW      3
0x03F1	0x00EB      	MOVWF      107
0x03F2	0x20C9      	CALL       201
0x03F3	0x0008      	RETURN
;MyProject.c,0 :: ?ICS?lstr2_MyProject
0x039E	0x3448 ;?ICS?lstr2_MyProject+0
0x039F	0x3475 ;?ICS?lstr2_MyProject+1
0x03A0	0x346D ;?ICS?lstr2_MyProject+2
0x03A1	0x3420 ;?ICS?lstr2_MyProject+3
0x03A2	0x343A ;?ICS?lstr2_MyProject+4
0x03A3	0x3420 ;?ICS?lstr2_MyProject+5
0x03A4	0x3420 ;?ICS?lstr2_MyProject+6
0x03A5	0x3420 ;?ICS?lstr2_MyProject+7
0x03A6	0x3420 ;?ICS?lstr2_MyProject+8
0x03A7	0x3420 ;?ICS?lstr2_MyProject+9
0x03A8	0x3420 ;?ICS?lstr2_MyProject+10
0x03A9	0x3420 ;?ICS?lstr2_MyProject+11
0x03AA	0x3420 ;?ICS?lstr2_MyProject+12
0x03AB	0x3425 ;?ICS?lstr2_MyProject+13
0x03AC	0x3400 ;?ICS?lstr2_MyProject+14
; end of ?ICS?lstr2_MyProject
;MyProject.c,0 :: ?ICS?lstr1_MyProject
0x03AD	0x3454 ;?ICS?lstr1_MyProject+0
0x03AE	0x3465 ;?ICS?lstr1_MyProject+1
0x03AF	0x346D ;?ICS?lstr1_MyProject+2
0x03B0	0x3470 ;?ICS?lstr1_MyProject+3
0x03B1	0x343A ;?ICS?lstr1_MyProject+4
0x03B2	0x3420 ;?ICS?lstr1_MyProject+5
0x03B3	0x3420 ;?ICS?lstr1_MyProject+6
0x03B4	0x3420 ;?ICS?lstr1_MyProject+7
0x03B5	0x3420 ;?ICS?lstr1_MyProject+8
0x03B6	0x3420 ;?ICS?lstr1_MyProject+9
0x03B7	0x3420 ;?ICS?lstr1_MyProject+10
0x03B8	0x3420 ;?ICS?lstr1_MyProject+11
0x03B9	0x3420 ;?ICS?lstr1_MyProject+12
0x03BA	0x3443 ;?ICS?lstr1_MyProject+13
0x03BB	0x3400 ;?ICS?lstr1_MyProject+14
; end of ?ICS?lstr1_MyProject
;MyProject.c,0 :: ?ICS?lstr4_MyProject
0x03BC	0x344E ;?ICS?lstr4_MyProject+0
0x03BD	0x346F ;?ICS?lstr4_MyProject+1
0x03BE	0x3420 ;?ICS?lstr4_MyProject+2
0x03BF	0x3472 ;?ICS?lstr4_MyProject+3
0x03C0	0x3465 ;?ICS?lstr4_MyProject+4
0x03C1	0x3473 ;?ICS?lstr4_MyProject+5
0x03C2	0x3470 ;?ICS?lstr4_MyProject+6
0x03C3	0x346F ;?ICS?lstr4_MyProject+7
0x03C4	0x346E ;?ICS?lstr4_MyProject+8
0x03C5	0x3473 ;?ICS?lstr4_MyProject+9
0x03C6	0x3465 ;?ICS?lstr4_MyProject+10
0x03C7	0x3400 ;?ICS?lstr4_MyProject+11
; end of ?ICS?lstr4_MyProject
;MyProject.c,0 :: ?ICS?lstr3_MyProject
0x03C8	0x3443 ;?ICS?lstr3_MyProject+0
0x03C9	0x3468 ;?ICS?lstr3_MyProject+1
0x03CA	0x3465 ;?ICS?lstr3_MyProject+2
0x03CB	0x3463 ;?ICS?lstr3_MyProject+3
0x03CC	0x346B ;?ICS?lstr3_MyProject+4
0x03CD	0x3420 ;?ICS?lstr3_MyProject+5
0x03CE	0x3473 ;?ICS?lstr3_MyProject+6
0x03CF	0x3475 ;?ICS?lstr3_MyProject+7
0x03D0	0x346D ;?ICS?lstr3_MyProject+8
0x03D1	0x3420 ;?ICS?lstr3_MyProject+9
0x03D2	0x3465 ;?ICS?lstr3_MyProject+10
0x03D3	0x3472 ;?ICS?lstr3_MyProject+11
0x03D4	0x3472 ;?ICS?lstr3_MyProject+12
0x03D5	0x346F ;?ICS?lstr3_MyProject+13
0x03D6	0x3472 ;?ICS?lstr3_MyProject+14
0x03D7	0x3400 ;?ICS?lstr3_MyProject+15
; end of ?ICS?lstr3_MyProject
;MyProject.c,0 :: ?ICS?lstr5_MyProject
0x03D8	0x3466 ;?ICS?lstr5_MyProject+0
0x03D9	0x3472 ;?ICS?lstr5_MyProject+1
0x03DA	0x346F ;?ICS?lstr5_MyProject+2
0x03DB	0x346D ;?ICS?lstr5_MyProject+3
0x03DC	0x3420 ;?ICS?lstr5_MyProject+4
0x03DD	0x3474 ;?ICS?lstr5_MyProject+5
0x03DE	0x3468 ;?ICS?lstr5_MyProject+6
0x03DF	0x3465 ;?ICS?lstr5_MyProject+7
0x03E0	0x3420 ;?ICS?lstr5_MyProject+8
0x03E1	0x3473 ;?ICS?lstr5_MyProject+9
0x03E2	0x3465 ;?ICS?lstr5_MyProject+10
0x03E3	0x346E ;?ICS?lstr5_MyProject+11
0x03E4	0x3473 ;?ICS?lstr5_MyProject+12
0x03E5	0x346F ;?ICS?lstr5_MyProject+13
0x03E6	0x3472 ;?ICS?lstr5_MyProject+14
0x03E7	0x3400 ;?ICS?lstr5_MyProject+15
; end of ?ICS?lstr5_MyProject
Symbol List:
//** Routines locations **
//ADDRESS    SIZE    PROCEDURE
//----------------------------------------------
0x0003       [7]    _Delay_50us
0x000A       [3]    _Delay_1us
0x000D      [13]    _Delay_5500us
0x001A      [94]    _Lcd_Cmd
0x0078       [7]    _____DoICP
0x007F       [9]    _Lcd_Chr_CP
0x0088      [65]    _Lcd_Out
0x00C9      [12]    ___CC2DW
0x00D5      [79]    _Lcd_Init
0x0124      [60]    _ReadData
0x0160      [29]    _Div_16X16_U
0x017D      [55]    _Lcd_Chr
0x01B4      [26]    _CheckResponse
0x01CE      [25]    _StartSignal
0x01E7     [433]    _main
//** Variables locations ** 
//ADDRESS    SIZE    VARIABLE
//----------------------------------------------
0x0000       [1]    INDF
0x0002       [1]    PCL
0x0003       [1]    STATUS
0x0004       [1]    FSR
0x0006       [0]    LCD_EN
0x0006       [0]    LCD_D6
0x0006       [0]    LCD_D4
0x0006       [0]    LCD_D7
0x0006       [0]    LCD_D5
0x0006       [0]    RB3_bit
0x0006       [0]    RB4_bit
0x0006       [0]    RB5_bit
0x0006       [0]    RB2_bit
0x0006       [1]    PORTB
0x0006       [0]    RB6_bit
0x0006       [0]    RB7_bit
0x0006       [0]    LCD_RS
0x0008       [1]    PORTD
0x000A       [1]    PCLATH
0x0020      [15]    ?lstr2_MyProject
0x002F      [15]    ?lstr1_MyProject
0x003E      [12]    ?lstr4_MyProject
0x004A      [16]    ?lstr3_MyProject
0x005A      [16]    ?lstr5_MyProject
0x006A       [2]    ___DoICPAddr
0x006C       [1]    _RH_byte1
0x006D       [2]    _Sum
0x006F       [1]    _RH_byte2
0x0070       [1]    R0
0x0071       [1]    R1
0x0072       [1]    R2
0x0073       [1]    R3
0x0074       [1]    R4
0x0075       [1]    R5
0x0076       [1]    R6
0x0077       [1]    R7
0x0078       [1]    R8
0x0079       [1]    R9
0x007A       [1]    R10
0x007B       [1]    R11
0x007C       [1]    R12
0x007D       [1]    R13
0x007E       [1]    R14
0x007F       [1]    R15
0x0086       [0]    TRISB4_bit
0x0086       [0]    LCD_D6_Direction
0x0086       [0]    LCD_D7_Direction
0x0086       [1]    TRISB
0x0086       [0]    LCD_D5_Direction
0x0086       [0]    LCD_RS_Direction
0x0086       [0]    LCD_EN_Direction
0x0086       [0]    LCD_D4_Direction
0x0086       [0]    TRISB2_bit
0x0086       [0]    TRISB3_bit
0x0086       [0]    TRISB7_bit
0x0086       [0]    TRISB6_bit
0x0086       [0]    TRISB5_bit
0x0088       [1]    TRISD
0x00A0       [1]    _T_byte2
0x00A1       [1]    _T_byte1
0x00A2       [2]    _RH
0x00A4       [2]    _Temp
0x00A6       [1]    _Check
0x00A7       [0]    __Lib_Lcd_cmd_status
0x00A8       [1]    FARG_Lcd_Out_row
0x00A8       [1]    FARG_Lcd_Chr_row
0x00A9       [1]    FARG_Lcd_Chr_column
0x00A9       [1]    FARG_Lcd_Out_column
0x00AA       [1]    FARG_Lcd_Chr_out_char
0x00AA       [1]    FARG_Lcd_Out_text
0x00AB       [1]    Lcd_Out_i_L0
0x00AC       [1]    FARG_Lcd_Chr_CP_out_char
0x00AD       [1]    FARG_Lcd_Cmd_out_char
//** Constants locations ** 
//ADDRESS    SIZE    CONSTANT
//----------------------------------------------
0x039E      [15]    ?ICS?lstr2_MyProject
0x03AD      [15]    ?ICS?lstr1_MyProject
0x03BC      [12]    ?ICS?lstr4_MyProject
0x03C8      [16]    ?ICS?lstr3_MyProject
0x03D8      [16]    ?ICS?lstr5_MyProject
